<?xml version="1.0" encoding="UTF-8" standalone="yes"?><!DOCTYPE report PUBLIC "-//JACOCO//DTD Report 1.1//EN" "report.dtd"><report name="Docs Core"><sessioninfo id="LAPTOP-zbc-bd279359" start="1744787921601" dump="1744787935222"/><sessioninfo id="LAPTOP-zbc-7ce3e30" start="1744787938993" dump="1744787954418"/><sessioninfo id="LAPTOP-zbc-1b847bfa" start="1744787956881" dump="1744787972919"/><sessioninfo id="LAPTOP-zbc-26c4a832" start="1744787977021" dump="1744787979212"/><sessioninfo id="LAPTOP-zbc-a1a80cb9" start="1744787979870" dump="1744788071608"/><sessioninfo id="LAPTOP-zbc-b0304881" start="1744788077918" dump="1744788109102"/><sessioninfo id="LAPTOP-zbc-da0d537e" start="1744788112857" dump="1744788113847"/><sessioninfo id="LAPTOP-zbc-fb7ad97c" start="1744788114286" dump="1744788115377"/><sessioninfo id="LAPTOP-zbc-19e7d709" start="1744788115917" dump="1744788117106"/><sessioninfo id="LAPTOP-zbc-2251dee3" start="1744788117624" dump="1744788118727"/><sessioninfo id="LAPTOP-zbc-92a244e9" start="1744788119185" dump="1744788120103"/></report>