<?xml version="1.0" encoding="UTF-8" standalone="yes"?><!DOCTYPE report PUBLIC "-//JACOCO//DTD Report 1.1//EN" "report.dtd"><report name="Docs Core"><sessioninfo id="LAPTOP-zbc-4c773ee9" start="1745380312286" dump="1745380332052"/><sessioninfo id="LAPTOP-zbc-929bee4b" start="1745380337499" dump="1745380355585"/><sessioninfo id="LAPTOP-zbc-173a2909" start="1745380361718" dump="1745380383331"/><sessioninfo id="LAPTOP-zbc-8fddbf79" start="1745380388279" dump="1745380391281"/><sessioninfo id="LAPTOP-zbc-453766cc" start="1745380392122" dump="1745380504248"/><sessioninfo id="LAPTOP-zbc-d221f923" start="1745380513749" dump="1745380554053"/><sessioninfo id="LAPTOP-zbc-551dbca1" start="1745380560411" dump="1745380561670"/><sessioninfo id="LAPTOP-zbc-480abbb6" start="1745380562231" dump="1745380563523"/><sessioninfo id="LAPTOP-zbc-3d42c2f" start="1745380564283" dump="1745380565922"/><sessioninfo id="LAPTOP-zbc-d9372922" start="1745380566560" dump="1745380568119"/><sessioninfo id="LAPTOP-zbc-5f4751ba" start="1745380568243" dump="1745380569501"/></report>