<?xml version="1.0" encoding="UTF-8" standalone="yes"?><!DOCTYPE report PUBLIC "-//JACOCO//DTD Report 1.1//EN" "report.dtd"><report name="Docs Web"><sessioninfo id="LAPTOP-zbc-bd279359" start="1744787921601" dump="1744787935222"/><sessioninfo id="LAPTOP-zbc-7ce3e30" start="1744787938993" dump="1744787954418"/><sessioninfo id="LAPTOP-zbc-1b847bfa" start="1744787956881" dump="1744787972919"/><sessioninfo id="LAPTOP-zbc-26c4a832" start="1744787977021" dump="1744787979212"/><sessioninfo id="LAPTOP-zbc-a1a80cb9" start="1744787979870" dump="1744788071608"/><sessioninfo id="LAPTOP-zbc-b0304881" start="1744788077918" dump="1744788109102"/><sessioninfo id="LAPTOP-zbc-da0d537e" start="1744788112857" dump="1744788113847"/><sessioninfo id="LAPTOP-zbc-fb7ad97c" start="1744788114286" dump="1744788115377"/><sessioninfo id="LAPTOP-zbc-19e7d709" start="1744788115917" dump="1744788117106"/><sessioninfo id="LAPTOP-zbc-2251dee3" start="1744788117624" dump="1744788118727"/><sessioninfo id="LAPTOP-zbc-92a244e9" start="1744788119185" dump="1744788120103"/><group name="docs-core"><package name="com/sismics/util/jpa"><class name="com/sismics/util/jpa/EMF$1" sourcefilename="EMF.java"><method name="&lt;init&gt;" desc="(Lorg/hibernate/service/ServiceRegistry;)V" line="40"><counter type="INSTRUCTION" missed="0" covered="4"/><counter type="LINE" missed="0" covered="1"/><counter type="COMPLEXITY" missed="0" covered="1"/><counter type="METHOD" missed="0" covered="1"/></method><method name="onCreate" desc="()V" line="43"><counter type="INSTRUCTION" missed="4" covered="0"/><counter type="LINE" missed="2" covered="0"/><counter type="COMPLEXITY" missed="1" covered="0"/><counter type="METHOD" missed="1" covered="0"/></method><method name="onUpgrade" desc="(II)V" line="48"><counter type="INSTRUCTION" missed="5" covered="8"/><counter type="BRANCH" missed="1" covered="1"/><counter type="LINE" missed="1" covered="2"/><counter type="COMPLEXITY" missed="1" covered="1"/><counter type="METHOD" missed="0" covered="1"/></method><counter type="INSTRUCTION" missed="9" covered="12"/><counter type="BRANCH" missed="1" covered="1"/><counter type="LINE" missed="3" covered="3"/><counter type="COMPLEXITY" missed="2" covered="2"/><counter type="METHOD" missed="1" covered="2"/><counter type="CLASS" missed="0" covered="1"/></class><class name="com/sismics/util/jpa/DialectUtil" sourcefilename="DialectUtil.java"><method name="&lt;init&gt;" desc="()V" line="8"><counter type="INSTRUCTION" missed="3" covered="0"/><counter type="LINE" missed="1" covered="0"/><counter type="COMPLEXITY" missed="1" covered="0"/><counter type="METHOD" missed="1" covered="0"/></method><method name="isObjectNotFound" desc="(Ljava/lang/String;)Z" line="16"><counter type="INSTRUCTION" missed="16" covered="0"/><counter type="BRANCH" missed="8" covered="0"/><counter type="LINE" missed="2" covered="0"/><counter type="COMPLEXITY" missed="5" covered="0"/><counter type="METHOD" missed="1" covered="0"/></method><method name="transform" desc="(Ljava/lang/String;)Ljava/lang/String;" line="28"><counter type="INSTRUCTION" missed="31" covered="0"/><counter type="BRANCH" missed="10" covered="0"/><counter type="LINE" missed="7" covered="0"/><counter type="COMPLEXITY" missed="6" covered="0"/><counter type="METHOD" missed="1" covered="0"/></method><method name="transformToPostgresql" desc="(Ljava/lang/String;)Ljava/lang/String;" line="48"><counter type="INSTRUCTION" missed="42" covered="0"/><counter type="LINE" missed="9" covered="0"/><counter type="COMPLEXITY" missed="1" covered="0"/><counter type="METHOD" missed="1" covered="0"/></method><counter type="INSTRUCTION" missed="92" covered="0"/><counter type="BRANCH" missed="18" covered="0"/><counter type="LINE" missed="19" covered="0"/><counter type="COMPLEXITY" missed="13" covered="0"/><counter type="METHOD" missed="4" covered="0"/><counter type="CLASS" missed="1" covered="0"/></class><class name="com/sismics/util/jpa/DbOpenHelper" sourcefilename="DbOpenHelper.java"><method name="&lt;init&gt;" desc="(Lorg/hibernate/service/ServiceRegistry;)V" line="43"><counter type="INSTRUCTION" missed="2" covered="27"/><counter type="BRANCH" missed="1" covered="1"/><counter type="LINE" missed="0" covered="7"/><counter type="COMPLEXITY" missed="1" covered="1"/><counter type="METHOD" missed="0" covered="1"/></method><method name="open" desc="()V" line="57"><counter type="INSTRUCTION" missed="53" covered="100"/><counter type="BRANCH" missed="6" covered="4"/><counter type="LINE" missed="17" covered="29"/><counter type="COMPLEXITY" missed="5" covered="1"/><counter type="METHOD" missed="0" covered="1"/></method><method name="executeAllScript" desc="(I)V" line="134"><counter type="INSTRUCTION" missed="43" covered="0"/><counter type="BRANCH" missed="4" covered="0"/><counter type="LINE" missed="9" covered="0"/><counter type="COMPLEXITY" missed="3" covered="0"/><counter type="METHOD" missed="1" covered="0"/></method><method name="executeScript" desc="(Ljava/io/InputStream;)V" line="156"><counter type="INSTRUCTION" missed="62" covered="0"/><counter type="BRANCH" missed="10" covered="0"/><counter type="LINE" missed="17" covered="0"/><counter type="COMPLEXITY" missed="6" covered="0"/><counter type="METHOD" missed="1" covered="0"/></method><method name="getExceptions" desc="()Ljava/util/List;" line="190"><counter type="INSTRUCTION" missed="3" covered="0"/><counter type="LINE" missed="1" covered="0"/><counter type="COMPLEXITY" missed="1" covered="0"/><counter type="METHOD" missed="1" covered="0"/></method><method name="setFormat" desc="(Z)V" line="199"><counter type="INSTRUCTION" missed="9" covered="0"/><counter type="BRANCH" missed="2" covered="0"/><counter type="LINE" missed="2" covered="0"/><counter type="COMPLEXITY" missed="2" covered="0"/><counter type="METHOD" missed="1" covered="0"/></method><method name="lambda$executeAllScript$0" desc="(ILjava/io/File;Ljava/lang/String;)Z" line="135"><counter type="INSTRUCTION" missed="15" covered="0"/><counter type="LINE" missed="2" covered="0"/><counter type="COMPLEXITY" missed="1" covered="0"/><counter type="METHOD" missed="1" covered="0"/></method><method name="&lt;clinit&gt;" desc="()V" line="39"><counter type="INSTRUCTION" missed="0" covered="4"/><counter type="LINE" missed="0" covered="1"/><counter type="COMPLEXITY" missed="0" covered="1"/><counter type="METHOD" missed="0" covered="1"/></method><counter type="INSTRUCTION" missed="187" covered="131"/><counter type="BRANCH" missed="23" covered="5"/><counter type="LINE" missed="48" covered="37"/><counter type="COMPLEXITY" missed="19" covered="3"/><counter type="METHOD" missed="5" covered="3"/><counter type="CLASS" missed="0" covered="1"/></class><class name="com/sismics/util/jpa/EMF" sourcefilename="EMF.java"><method name="getEntityManagerProperties" desc="()Ljava/util/Properties;" line="65"><counter type="INSTRUCTION" missed="131" covered="21"/><counter type="BRANCH" missed="5" covered="1"/><counter type="LINE" missed="33" covered="7"/><counter type="COMPLEXITY" missed="3" covered="1"/><counter type="METHOD" missed="0" covered="1"/></method><method name="get" desc="()Ljakarta/persistence/EntityManagerFactory;" line="128"><counter type="INSTRUCTION" missed="0" covered="2"/><counter type="LINE" missed="0" covered="1"/><counter type="COMPLEXITY" missed="0" covered="1"/><counter type="METHOD" missed="0" covered="1"/></method><method name="isDriverH2" desc="()Z" line="132"><counter type="INSTRUCTION" missed="6" covered="0"/><counter type="LINE" missed="2" covered="0"/><counter type="COMPLEXITY" missed="1" covered="0"/><counter type="METHOD" missed="1" covered="0"/></method><method name="isDriverPostgresql" desc="()Z" line="137"><counter type="INSTRUCTION" missed="6" covered="0"/><counter type="LINE" missed="2" covered="0"/><counter type="COMPLEXITY" missed="1" covered="0"/><counter type="METHOD" missed="1" covered="0"/></method><method name="getDriver" desc="()Ljava/lang/String;" line="142"><counter type="INSTRUCTION" missed="5" covered="0"/><counter type="LINE" missed="1" covered="0"/><counter type="COMPLEXITY" missed="1" covered="0"/><counter type="METHOD" missed="1" covered="0"/></method><method name="&lt;clinit&gt;" desc="()V" line="27"><counter type="INSTRUCTION" missed="5" covered="27"/><counter type="LINE" missed="2" covered="9"/><counter type="COMPLEXITY" missed="0" covered="1"/><counter type="METHOD" missed="0" covered="1"/></method><counter type="INSTRUCTION" missed="153" covered="50"/><counter type="BRANCH" missed="5" covered="1"/><counter type="LINE" missed="40" covered="17"/><counter type="COMPLEXITY" missed="6" covered="3"/><counter type="METHOD" missed="3" covered="3"/><counter type="CLASS" missed="0" covered="1"/></class><sourcefile name="EMF.java"><line nr="27" mi="0" ci="3" mb="0" cb="0"/><line nr="35" mi="0" ci="2" mb="0" cb="0"/><line nr="37" mi="0" ci="2" mb="0" cb="0"/><line nr="38" mi="0" ci="7" mb="0" cb="0"/><line nr="40" mi="0" ci="9" mb="0" cb="0"/><line nr="43" mi="3" ci="0" mb="0" cb="0"/><line nr="44" mi="1" ci="0" mb="0" cb="0"/><line nr="48" mi="2" ci="7" mb="1" cb="1"/><line nr="49" mi="3" ci="0" mb="0" cb="0"/><line nr="51" mi="0" ci="1" mb="0" cb="0"/><line nr="53" mi="0" ci="2" mb="0" cb="0"/><line nr="55" mi="0" ci="4" mb="0" cb="0"/><line nr="57" mi="1" ci="0" mb="0" cb="0"/><line nr="58" mi="4" ci="0" mb="0" cb="0"/><line nr="59" mi="0" ci="1" mb="0" cb="0"/><line nr="60" mi="0" ci="1" mb="0" cb="0"/><line nr="65" mi="0" ci="4" mb="0" cb="0"/><line nr="66" mi="0" ci="2" mb="1" cb="1"/><line nr="67" mi="0" ci="3" mb="0" cb="0"/><line nr="69" mi="0" ci="3" mb="0" cb="0"/><line nr="70" mi="0" ci="4" mb="0" cb="0"/><line nr="71" mi="0" ci="3" mb="0" cb="0"/><line nr="72" mi="0" ci="2" mb="0" cb="0"/><line nr="74" mi="1" ci="0" mb="0" cb="0"/><line nr="75" mi="4" ci="0" mb="0" cb="0"/><line nr="76" mi="1" ci="0" mb="0" cb="0"/><line nr="79" mi="3" ci="0" mb="0" cb="0"/><line nr="80" mi="3" ci="0" mb="0" cb="0"/><line nr="81" mi="3" ci="0" mb="0" cb="0"/><line nr="82" mi="3" ci="0" mb="0" cb="0"/><line nr="83" mi="2" ci="0" mb="2" cb="0"/><line nr="84" mi="2" ci="0" mb="0" cb="0"/><line nr="87" mi="3" ci="0" mb="0" cb="0"/><line nr="88" mi="4" ci="0" mb="0" cb="0"/><line nr="89" mi="2" ci="0" mb="0" cb="0"/><line nr="90" mi="6" ci="0" mb="0" cb="0"/><line nr="91" mi="3" ci="0" mb="2" cb="0"/><line nr="92" mi="3" ci="0" mb="0" cb="0"/><line nr="93" mi="5" ci="0" mb="0" cb="0"/><line nr="94" mi="5" ci="0" mb="0" cb="0"/><line nr="96" mi="5" ci="0" mb="0" cb="0"/><line nr="97" mi="6" ci="0" mb="0" cb="0"/><line nr="99" mi="5" ci="0" mb="0" cb="0"/><line nr="100" mi="5" ci="0" mb="0" cb="0"/><line nr="101" mi="5" ci="0" mb="0" cb="0"/><line nr="102" mi="5" ci="0" mb="0" cb="0"/><line nr="103" mi="5" ci="0" mb="0" cb="0"/><line nr="105" mi="5" ci="0" mb="0" cb="0"/><line nr="106" mi="5" ci="0" mb="0" cb="0"/><line nr="107" mi="5" ci="0" mb="0" cb="0"/><line nr="108" mi="5" ci="0" mb="0" cb="0"/><line nr="109" mi="5" ci="0" mb="0" cb="0"/><line nr="110" mi="5" ci="0" mb="0" cb="0"/><line nr="111" mi="5" ci="0" mb="0" cb="0"/><line nr="112" mi="5" ci="0" mb="0" cb="0"/><line nr="113" mi="2" ci="0" mb="0" cb="0"/><line nr="128" mi="0" ci="2" mb="0" cb="0"/><line nr="132" mi="2" ci="0" mb="0" cb="0"/><line nr="133" mi="4" ci="0" mb="0" cb="0"/><line nr="137" mi="2" ci="0" mb="0" cb="0"/><line nr="138" mi="4" ci="0" mb="0" cb="0"/><line nr="142" mi="5" ci="0" mb="0" cb="0"/><counter type="INSTRUCTION" missed="162" covered="62"/><counter type="BRANCH" missed="6" covered="2"/><counter type="LINE" missed="43" covered="19"/><counter type="COMPLEXITY" missed="8" covered="5"/><counter type="METHOD" missed="4" covered="5"/><counter type="CLASS" missed="0" covered="2"/></sourcefile><sourcefile name="DialectUtil.java"><line nr="8" mi="3" ci="0" mb="0" cb="0"/><line nr="16" mi="7" ci="0" mb="4" cb="0"/><line nr="17" mi="9" ci="0" mb="4" cb="0"/><line nr="28" mi="4" ci="0" mb="2" cb="0"/><line nr="29" mi="8" ci="0" mb="2" cb="0"/><line nr="31" mi="4" ci="0" mb="2" cb="0"/><line nr="32" mi="8" ci="0" mb="2" cb="0"/><line nr="35" mi="2" ci="0" mb="2" cb="0"/><line nr="36" mi="3" ci="0" mb="0" cb="0"/><line nr="38" mi="2" ci="0" mb="0" cb="0"/><line nr="48" mi="5" ci="0" mb="0" cb="0"/><line nr="49" mi="5" ci="0" mb="0" cb="0"/><line nr="50" mi="5" ci="0" mb="0" cb="0"/><line nr="51" mi="5" ci="0" mb="0" cb="0"/><line nr="52" mi="5" ci="0" mb="0" cb="0"/><line nr="53" mi="5" ci="0" mb="0" cb="0"/><line nr="54" mi="5" ci="0" mb="0" cb="0"/><line nr="55" mi="5" ci="0" mb="0" cb="0"/><line nr="56" mi="2" ci="0" mb="0" cb="0"/><counter type="INSTRUCTION" missed="92" covered="0"/><counter type="BRANCH" missed="18" covered="0"/><counter type="LINE" missed="19" covered="0"/><counter type="COMPLEXITY" missed="13" covered="0"/><counter type="METHOD" missed="4" covered="0"/><counter type="CLASS" missed="1" covered="0"/></sourcefile><sourcefile name="DbOpenHelper.java"><line nr="39" mi="0" ci="4" mb="0" cb="0"/><line nr="43" mi="0" ci="5" mb="0" cb="0"/><line nr="49" mi="0" ci="2" mb="0" cb="0"/><line nr="50" mi="0" ci="5" mb="0" cb="0"/><line nr="51" mi="0" ci="3" mb="0" cb="0"/><line nr="52" mi="0" ci="4" mb="0" cb="0"/><line nr="53" mi="2" ci="7" mb="1" cb="1"/><line nr="54" mi="0" ci="1" mb="0" cb="0"/><line nr="57" mi="0" ci="3" mb="0" cb="0"/><line nr="59" mi="0" ci="2" mb="0" cb="0"/><line nr="61" mi="0" ci="3" mb="0" cb="0"/><line nr="65" mi="0" ci="4" mb="0" cb="0"/><line nr="66" mi="1" ci="0" mb="0" cb="0"/><line nr="67" mi="5" ci="0" mb="0" cb="0"/><line nr="68" mi="4" ci="0" mb="0" cb="0"/><line nr="69" mi="2" ci="0" mb="0" cb="0"/><line nr="70" mi="0" ci="1" mb="0" cb="0"/><line nr="73" mi="0" ci="2" mb="0" cb="0"/><line nr="75" mi="0" ci="4" mb="0" cb="0"/><line nr="76" mi="0" ci="5" mb="0" cb="0"/><line nr="77" mi="0" ci="3" mb="1" cb="1"/><line nr="78" mi="0" ci="4" mb="0" cb="0"/><line nr="79" mi="0" ci="4" mb="0" cb="0"/><line nr="81" mi="1" ci="0" mb="0" cb="0"/><line nr="82" mi="4" ci="0" mb="2" cb="0"/><line nr="83" mi="4" ci="0" mb="0" cb="0"/><line nr="85" mi="4" ci="0" mb="0" cb="0"/><line nr="88" mi="0" ci="2" mb="0" cb="0"/><line nr="89" mi="0" ci="3" mb="1" cb="1"/><line nr="90" mi="0" ci="3" mb="0" cb="0"/><line nr="91" mi="0" ci="3" mb="0" cb="0"/><line nr="95" mi="0" ci="4" mb="0" cb="0"/><line nr="96" mi="0" ci="2" mb="1" cb="1"/><line nr="98" mi="3" ci="0" mb="0" cb="0"/><line nr="99" mi="2" ci="0" mb="0" cb="0"/><line nr="100" mi="3" ci="0" mb="0" cb="0"/><line nr="104" mi="0" ci="2" mb="0" cb="0"/><line nr="105" mi="0" ci="6" mb="0" cb="0"/><line nr="106" mi="0" ci="14" mb="0" cb="0"/><line nr="107" mi="0" ci="6" mb="0" cb="0"/><line nr="108" mi="0" ci="3" mb="0" cb="0"/><line nr="109" mi="1" ci="0" mb="0" cb="0"/><line nr="110" mi="5" ci="0" mb="0" cb="0"/><line nr="111" mi="4" ci="0" mb="0" cb="0"/><line nr="114" mi="0" ci="2" mb="0" cb="0"/><line nr="115" mi="0" ci="3" mb="1" cb="1"/><line nr="116" mi="0" ci="3" mb="0" cb="0"/><line nr="117" mi="0" ci="3" mb="0" cb="0"/><line nr="119" mi="0" ci="4" mb="0" cb="0"/><line nr="120" mi="1" ci="0" mb="0" cb="0"/><line nr="121" mi="5" ci="0" mb="0" cb="0"/><line nr="122" mi="4" ci="0" mb="0" cb="0"/><line nr="123" mi="0" ci="1" mb="0" cb="0"/><line nr="125" mi="0" ci="1" mb="0" cb="0"/><line nr="134" mi="7" ci="0" mb="0" cb="0"/><line nr="135" mi="10" ci="0" mb="0" cb="0"/><line nr="136" mi="5" ci="0" mb="0" cb="0"/><line nr="138" mi="2" ci="0" mb="0" cb="0"/><line nr="140" mi="10" ci="0" mb="2" cb="0"/><line nr="141" mi="3" ci="0" mb="2" cb="0"/><line nr="142" mi="10" ci="0" mb="0" cb="0"/><line nr="144" mi="6" ci="0" mb="0" cb="0"/><line nr="145" mi="3" ci="0" mb="0" cb="0"/><line nr="146" mi="1" ci="0" mb="0" cb="0"/><line nr="147" mi="1" ci="0" mb="0" cb="0"/><line nr="156" mi="6" ci="0" mb="0" cb="0"/><line nr="158" mi="10" ci="0" mb="2" cb="0"/><line nr="159" mi="7" ci="0" mb="4" cb="0"/><line nr="160" mi="1" ci="0" mb="0" cb="0"/><line nr="163" mi="3" ci="0" mb="0" cb="0"/><line nr="164" mi="2" ci="0" mb="2" cb="0"/><line nr="165" mi="5" ci="0" mb="0" cb="0"/><line nr="167" mi="3" ci="0" mb="0" cb="0"/><line nr="168" mi="5" ci="0" mb="0" cb="0"/><line nr="169" mi="1" ci="0" mb="0" cb="0"/><line nr="170" mi="5" ci="0" mb="0" cb="0"/><line nr="171" mi="3" ci="0" mb="2" cb="0"/><line nr="172" mi="4" ci="0" mb="0" cb="0"/><line nr="173" mi="4" ci="0" mb="0" cb="0"/><line nr="175" mi="1" ci="0" mb="0" cb="0"/><line nr="177" mi="1" ci="0" mb="0" cb="0"/><line nr="178" mi="1" ci="0" mb="0" cb="0"/><line nr="190" mi="3" ci="0" mb="0" cb="0"/><line nr="199" mi="8" ci="0" mb="2" cb="0"/><line nr="200" mi="1" ci="0" mb="0" cb="0"/><counter type="INSTRUCTION" missed="187" covered="131"/><counter type="BRANCH" missed="23" covered="5"/><counter type="LINE" missed="48" covered="37"/><counter type="COMPLEXITY" missed="19" covered="3"/><counter type="METHOD" missed="5" covered="3"/><counter type="CLASS" missed="0" covered="1"/></sourcefile><counter type="INSTRUCTION" missed="441" covered="193"/><counter type="BRANCH" missed="47" covered="7"/><counter type="LINE" missed="110" covered="56"/><counter type="COMPLEXITY" missed="40" covered="8"/><counter type="METHOD" missed="13" covered="8"/><counter type="CLASS" missed="1" covered="3"/></package><package name="com/sismics/docs/core/model/context"><class name="com/sismics/docs/core/model/context/AppContext" sourcefilename="AppContext.java"><method name="&lt;init&gt;" desc="()V" line="33"><counter type="INSTRUCTION" missed="0" covered="3"/><counter type="LINE" missed="0" covered="1"/><counter type="COMPLEXITY" missed="0" covered="1"/><counter type="METHOD" missed="0" covered="1"/></method><method name="startUp" desc="()V" line="83"><counter type="INSTRUCTION" missed="49" covered="90"/><counter type="BRANCH" missed="8" covered="4"/><counter type="LINE" missed="13" covered="25"/><counter type="COMPLEXITY" missed="6" covered="1"/><counter type="METHOD" missed="0" covered="1"/></method><method name="resetEventBus" desc="()V" line="146"><counter type="INSTRUCTION" missed="0" covered="80"/><counter type="LINE" missed="0" covered="15"/><counter type="COMPLEXITY" missed="0" covered="1"/><counter type="METHOD" missed="0" covered="1"/></method><method name="getInstance" desc="()Lcom/sismics/docs/core/model/context/AppContext;" line="170"><counter type="INSTRUCTION" missed="0" covered="10"/><counter type="BRANCH" missed="0" covered="2"/><counter type="LINE" missed="0" covered="4"/><counter type="COMPLEXITY" missed="0" covered="2"/><counter type="METHOD" missed="0" covered="1"/></method><method name="newAsyncEventBus" desc="()Lcom/google/common/eventbus/EventBus;" line="183"><counter type="INSTRUCTION" missed="28" covered="6"/><counter type="BRANCH" missed="1" covered="1"/><counter type="LINE" missed="4" covered="2"/><counter type="COMPLEXITY" missed="1" covered="1"/><counter type="METHOD" missed="0" covered="1"/></method><method name="getQueuedTaskCount" desc="()I" line="201"><counter type="INSTRUCTION" missed="26" covered="0"/><counter type="BRANCH" missed="2" covered="0"/><counter type="LINE" missed="5" covered="0"/><counter type="COMPLEXITY" missed="2" covered="0"/><counter type="METHOD" missed="1" covered="0"/></method><method name="getAsyncEventBus" desc="()Lcom/google/common/eventbus/EventBus;" line="209"><counter type="INSTRUCTION" missed="3" covered="0"/><counter type="LINE" missed="1" covered="0"/><counter type="COMPLEXITY" missed="1" covered="0"/><counter type="METHOD" missed="1" covered="0"/></method><method name="getMailEventBus" desc="()Lcom/google/common/eventbus/EventBus;" line="213"><counter type="INSTRUCTION" missed="3" covered="0"/><counter type="LINE" missed="1" covered="0"/><counter type="COMPLEXITY" missed="1" covered="0"/><counter type="METHOD" missed="1" covered="0"/></method><method name="getIndexingHandler" desc="()Lcom/sismics/docs/core/util/indexing/IndexingHandler;" line="217"><counter type="INSTRUCTION" missed="3" covered="0"/><counter type="LINE" missed="1" covered="0"/><counter type="COMPLEXITY" missed="1" covered="0"/><counter type="METHOD" missed="1" covered="0"/></method><method name="getInboxService" desc="()Lcom/sismics/docs/core/service/InboxService;" line="221"><counter type="INSTRUCTION" missed="3" covered="0"/><counter type="LINE" missed="1" covered="0"/><counter type="COMPLEXITY" missed="1" covered="0"/><counter type="METHOD" missed="1" covered="0"/></method><method name="getFileService" desc="()Lcom/sismics/docs/core/service/FileService;" line="225"><counter type="INSTRUCTION" missed="0" covered="3"/><counter type="LINE" missed="0" covered="1"/><counter type="COMPLEXITY" missed="0" covered="1"/><counter type="METHOD" missed="0" covered="1"/></method><method name="shutDown" desc="()V" line="229"><counter type="INSTRUCTION" missed="54" covered="0"/><counter type="BRANCH" missed="10" covered="0"/><counter type="LINE" missed="17" covered="0"/><counter type="COMPLEXITY" missed="6" covered="0"/><counter type="METHOD" missed="1" covered="0"/></method><method name="&lt;clinit&gt;" desc="()V" line="37"><counter type="INSTRUCTION" missed="0" covered="4"/><counter type="LINE" missed="0" covered="1"/><counter type="COMPLEXITY" missed="0" covered="1"/><counter type="METHOD" missed="0" covered="1"/></method><counter type="INSTRUCTION" missed="169" covered="196"/><counter type="BRANCH" missed="21" covered="7"/><counter type="LINE" missed="43" covered="49"/><counter type="COMPLEXITY" missed="19" covered="8"/><counter type="METHOD" missed="6" covered="7"/><counter type="CLASS" missed="0" covered="1"/></class><sourcefile name="AppContext.java"><line nr="33" mi="0" ci="3" mb="0" cb="0"/><line nr="37" mi="0" ci="4" mb="0" cb="0"/><line nr="83" mi="0" ci="2" mb="0" cb="0"/><line nr="87" mi="0" ci="7" mb="0" cb="0"/><line nr="88" mi="0" ci="1" mb="0" cb="0"/><line nr="89" mi="0" ci="10" mb="1" cb="1"/><line nr="90" mi="0" ci="9" mb="0" cb="0"/><line nr="91" mi="0" ci="3" mb="1" cb="1"/><line nr="92" mi="0" ci="3" mb="0" cb="0"/><line nr="93" mi="0" ci="1" mb="0" cb="0"/><line nr="95" mi="1" ci="0" mb="0" cb="0"/><line nr="96" mi="0" ci="3" mb="0" cb="0"/><line nr="97" mi="1" ci="0" mb="0" cb="0"/><line nr="98" mi="4" ci="0" mb="0" cb="0"/><line nr="99" mi="0" ci="1" mb="0" cb="0"/><line nr="102" mi="0" ci="5" mb="0" cb="0"/><line nr="103" mi="0" ci="4" mb="0" cb="0"/><line nr="104" mi="0" ci="3" mb="0" cb="0"/><line nr="107" mi="0" ci="5" mb="0" cb="0"/><line nr="108" mi="0" ci="4" mb="0" cb="0"/><line nr="109" mi="0" ci="3" mb="0" cb="0"/><line nr="112" mi="0" ci="5" mb="0" cb="0"/><line nr="113" mi="0" ci="4" mb="0" cb="0"/><line nr="114" mi="0" ci="3" mb="0" cb="0"/><line nr="117" mi="0" ci="1" mb="0" cb="0"/><line nr="120" mi="0" ci="3" mb="0" cb="0"/><line nr="121" mi="0" ci="3" mb="1" cb="1"/><line nr="122" mi="4" ci="0" mb="0" cb="0"/><line nr="123" mi="4" ci="0" mb="0" cb="0"/><line nr="124" mi="5" ci="0" mb="2" cb="0"/><line nr="125" mi="4" ci="0" mb="0" cb="0"/><line nr="126" mi="4" ci="0" mb="0" cb="0"/><line nr="131" mi="0" ci="3" mb="0" cb="0"/><line nr="132" mi="0" ci="3" mb="1" cb="1"/><line nr="133" mi="4" ci="0" mb="0" cb="0"/><line nr="134" mi="4" ci="0" mb="0" cb="0"/><line nr="135" mi="5" ci="0" mb="2" cb="0"/><line nr="136" mi="4" ci="0" mb="0" cb="0"/><line nr="137" mi="5" ci="0" mb="0" cb="0"/><line nr="140" mi="0" ci="1" mb="0" cb="0"/><line nr="146" mi="0" ci="5" mb="0" cb="0"/><line nr="148" mi="0" ci="4" mb="0" cb="0"/><line nr="149" mi="0" ci="6" mb="0" cb="0"/><line nr="150" mi="0" ci="6" mb="0" cb="0"/><line nr="151" mi="0" ci="6" mb="0" cb="0"/><line nr="152" mi="0" ci="6" mb="0" cb="0"/><line nr="153" mi="0" ci="6" mb="0" cb="0"/><line nr="154" mi="0" ci="6" mb="0" cb="0"/><line nr="155" mi="0" ci="6" mb="0" cb="0"/><line nr="156" mi="0" ci="6" mb="0" cb="0"/><line nr="157" mi="0" ci="6" mb="0" cb="0"/><line nr="159" mi="0" ci="4" mb="0" cb="0"/><line nr="160" mi="0" ci="6" mb="0" cb="0"/><line nr="161" mi="0" ci="6" mb="0" cb="0"/><line nr="162" mi="0" ci="1" mb="0" cb="0"/><line nr="170" mi="0" ci="2" mb="0" cb="2"/><line nr="171" mi="0" ci="4" mb="0" cb="0"/><line nr="172" mi="0" ci="2" mb="0" cb="0"/><line nr="174" mi="0" ci="2" mb="0" cb="0"/><line nr="183" mi="0" ci="2" mb="1" cb="1"/><line nr="184" mi="0" ci="4" mb="0" cb="0"/><line nr="186" mi="7" ci="0" mb="0" cb="0"/><line nr="187" mi="11" ci="0" mb="0" cb="0"/><line nr="190" mi="5" ci="0" mb="0" cb="0"/><line nr="191" mi="5" ci="0" mb="0" cb="0"/><line nr="201" mi="2" ci="0" mb="0" cb="0"/><line nr="202" mi="11" ci="0" mb="2" cb="0"/><line nr="203" mi="10" ci="0" mb="0" cb="0"/><line nr="204" mi="1" ci="0" mb="0" cb="0"/><line nr="205" mi="2" ci="0" mb="0" cb="0"/><line nr="209" mi="3" ci="0" mb="0" cb="0"/><line nr="213" mi="3" ci="0" mb="0" cb="0"/><line nr="217" mi="3" ci="0" mb="0" cb="0"/><line nr="221" mi="3" ci="0" mb="0" cb="0"/><line nr="225" mi="0" ci="3" mb="0" cb="0"/><line nr="229" mi="11" ci="0" mb="2" cb="0"/><line nr="232" mi="2" ci="0" mb="0" cb="0"/><line nr="233" mi="5" ci="0" mb="0" cb="0"/><line nr="234" mi="1" ci="0" mb="0" cb="0"/><line nr="236" mi="1" ci="0" mb="0" cb="0"/><line nr="237" mi="1" ci="0" mb="0" cb="0"/><line nr="239" mi="3" ci="0" mb="2" cb="0"/><line nr="240" mi="3" ci="0" mb="0" cb="0"/><line nr="243" mi="3" ci="0" mb="2" cb="0"/><line nr="244" mi="4" ci="0" mb="0" cb="0"/><line nr="245" mi="3" ci="0" mb="0" cb="0"/><line nr="248" mi="3" ci="0" mb="2" cb="0"/><line nr="249" mi="4" ci="0" mb="0" cb="0"/><line nr="252" mi="3" ci="0" mb="2" cb="0"/><line nr="253" mi="4" ci="0" mb="0" cb="0"/><line nr="256" mi="2" ci="0" mb="0" cb="0"/><line nr="257" mi="1" ci="0" mb="0" cb="0"/><counter type="INSTRUCTION" missed="169" covered="196"/><counter type="BRANCH" missed="21" covered="7"/><counter type="LINE" missed="43" covered="49"/><counter type="COMPLEXITY" missed="19" covered="8"/><counter type="METHOD" missed="6" covered="7"/><counter type="CLASS" missed="0" covered="1"/></sourcefile><counter type="INSTRUCTION" missed="169" covered="196"/><counter type="BRANCH" missed="21" covered="7"/><counter type="LINE" missed="43" covered="49"/><counter type="COMPLEXITY" missed="19" covered="8"/><counter type="METHOD" missed="6" covered="7"/><counter type="CLASS" missed="0" covered="1"/></package><package name="com/sismics/util"><class name="com/sismics/util/ImageUtil" sourcefilename="ImageUtil.java"><method name="&lt;init&gt;" desc="()V" line="23"><counter type="INSTRUCTION" missed="3" covered="0"/><counter type="LINE" missed="1" covered="0"/><counter type="COMPLEXITY" missed="1" covered="0"/><counter type="METHOD" missed="1" covered="0"/></method><method name="writeJpeg" desc="(Ljava/awt/image/BufferedImage;Ljava/io/OutputStream;)V" line="32"><counter type="INSTRUCTION" missed="85" covered="0"/><counter type="BRANCH" missed="6" covered="0"/><counter type="LINE" missed="25" covered="0"/><counter type="COMPLEXITY" missed="4" covered="0"/><counter type="METHOD" missed="1" covered="0"/></method><method name="computeGravatar" desc="(Ljava/lang/String;)Ljava/lang/String;" line="78"><counter type="INSTRUCTION" missed="0" covered="12"/><counter type="BRANCH" missed="0" covered="2"/><counter type="LINE" missed="0" covered="5"/><counter type="COMPLEXITY" missed="0" covered="2"/><counter type="METHOD" missed="0" covered="1"/></method><method name="isBlack" desc="(Ljava/awt/image/BufferedImage;II)Z" line="96"><counter type="INSTRUCTION" missed="0" covered="27"/><counter type="BRANCH" missed="0" covered="4"/><counter type="LINE" missed="0" covered="6"/><counter type="COMPLEXITY" missed="0" covered="3"/><counter type="METHOD" missed="0" covered="1"/></method><method name="isBlack" desc="(Ljava/awt/image/BufferedImage;III)Z" line="120"><counter type="INSTRUCTION" missed="3" covered="60"/><counter type="BRANCH" missed="4" covered="6"/><counter type="LINE" missed="2" covered="9"/><counter type="COMPLEXITY" missed="4" covered="2"/><counter type="METHOD" missed="0" covered="1"/></method><counter type="INSTRUCTION" missed="91" covered="99"/><counter type="BRANCH" missed="10" covered="12"/><counter type="LINE" missed="28" covered="20"/><counter type="COMPLEXITY" missed="9" covered="7"/><counter type="METHOD" missed="2" covered="3"/><counter type="CLASS" missed="0" covered="1"/></class><class name="com/sismics/util/ClasspathScanner$Priority" sourcefilename="ClasspathScanner.java"/><class name="com/sismics/util/ClasspathScanner" sourcefilename="ClasspathScanner.java"><method name="&lt;init&gt;" desc="()V" line="14"><counter type="INSTRUCTION" missed="0" covered="3"/><counter type="LINE" missed="0" covered="1"/><counter type="COMPLEXITY" missed="0" covered="1"/><counter type="METHOD" missed="0" covered="1"/></method><method name="findClasses" desc="(Ljava/lang/Class;Ljava/lang/String;)Ljava/util/List;" line="29"><counter type="INSTRUCTION" missed="5" covered="48"/><counter type="BRANCH" missed="1" covered="7"/><counter type="LINE" missed="2" covered="10"/><counter type="COMPLEXITY" missed="1" covered="4"/><counter type="METHOD" missed="0" covered="1"/></method><method name="lambda$findClasses$0" desc="(Ljava/lang/Class;Ljava/lang/Class;)I" line="42"><counter type="INSTRUCTION" missed="4" covered="20"/><counter type="BRANCH" missed="2" covered="2"/><counter type="LINE" missed="0" covered="4"/><counter type="COMPLEXITY" missed="2" covered="1"/><counter type="METHOD" missed="0" covered="1"/></method><method name="&lt;clinit&gt;" desc="()V" line="18"><counter type="INSTRUCTION" missed="0" covered="4"/><counter type="LINE" missed="0" covered="1"/><counter type="COMPLEXITY" missed="0" covered="1"/><counter type="METHOD" missed="0" covered="1"/></method><counter type="INSTRUCTION" missed="9" covered="75"/><counter type="BRANCH" missed="3" covered="9"/><counter type="LINE" missed="2" covered="16"/><counter type="COMPLEXITY" missed="3" covered="7"/><counter type="METHOD" missed="0" covered="4"/><counter type="CLASS" missed="0" covered="1"/></class><class name="com/sismics/util/LocaleUtil" sourcefilename="LocaleUtil.java"><method name="&lt;init&gt;" desc="()V" line="12"><counter type="INSTRUCTION" missed="3" covered="0"/><counter type="LINE" missed="1" covered="0"/><counter type="COMPLEXITY" missed="1" covered="0"/><counter type="METHOD" missed="1" covered="0"/></method><method name="getLocale" desc="(Ljava/lang/String;)Ljava/util/Locale;" line="20"><counter type="INSTRUCTION" missed="40" covered="0"/><counter type="BRANCH" missed="6" covered="0"/><counter type="LINE" missed="11" covered="0"/><counter type="COMPLEXITY" missed="4" covered="0"/><counter type="METHOD" missed="1" covered="0"/></method><counter type="INSTRUCTION" missed="43" covered="0"/><counter type="BRANCH" missed="6" covered="0"/><counter type="LINE" missed="12" covered="0"/><counter type="COMPLEXITY" missed="5" covered="0"/><counter type="METHOD" missed="2" covered="0"/><counter type="CLASS" missed="1" covered="0"/></class><class name="com/sismics/util/ImageDeskew$HoughLine" sourcefilename="ImageDeskew.java"><method name="&lt;init&gt;" desc="(Lcom/sismics/util/ImageDeskew;)V" line="12"><counter type="INSTRUCTION" missed="0" covered="12"/><counter type="LINE" missed="0" covered="3"/><counter type="COMPLEXITY" missed="0" covered="1"/><counter type="METHOD" missed="0" covered="1"/></method><counter type="INSTRUCTION" missed="0" covered="12"/><counter type="LINE" missed="0" covered="3"/><counter type="COMPLEXITY" missed="0" covered="1"/><counter type="METHOD" missed="0" covered="1"/><counter type="CLASS" missed="0" covered="1"/></class><class name="com/sismics/util/ResourceUtil" sourcefilename="ResourceUtil.java"><method name="&lt;init&gt;" desc="()V" line="22"><counter type="INSTRUCTION" missed="3" covered="0"/><counter type="LINE" missed="1" covered="0"/><counter type="COMPLEXITY" missed="1" covered="0"/><counter type="METHOD" missed="1" covered="0"/></method><method name="list" desc="(Ljava/lang/Class;Ljava/lang/String;Ljava/io/FilenameFilter;)Ljava/util/List;" line="36"><counter type="INSTRUCTION" missed="31" covered="108"/><counter type="BRANCH" missed="6" covered="18"/><counter type="LINE" missed="3" covered="27"/><counter type="COMPLEXITY" missed="5" covered="8"/><counter type="METHOD" missed="0" covered="1"/></method><method name="list" desc="(Ljava/lang/Class;Ljava/lang/String;)Ljava/util/List;" line="101"><counter type="INSTRUCTION" missed="0" covered="5"/><counter type="LINE" missed="0" covered="1"/><counter type="COMPLEXITY" missed="0" covered="1"/><counter type="METHOD" missed="0" covered="1"/></method><counter type="INSTRUCTION" missed="34" covered="113"/><counter type="BRANCH" missed="6" covered="18"/><counter type="LINE" missed="4" covered="28"/><counter type="COMPLEXITY" missed="6" covered="9"/><counter type="METHOD" missed="1" covered="2"/><counter type="CLASS" missed="0" covered="1"/></class><class name="com/sismics/util/EmailUtil$MailContent" sourcefilename="EmailUtil.java"><method name="&lt;init&gt;" desc="()V" line="238"><counter type="INSTRUCTION" missed="6" covered="0"/><counter type="LINE" missed="2" covered="0"/><counter type="COMPLEXITY" missed="1" covered="0"/><counter type="METHOD" missed="1" covered="0"/></method><method name="getSubject" desc="()Ljava/lang/String;" line="246"><counter type="INSTRUCTION" missed="3" covered="0"/><counter type="LINE" missed="1" covered="0"/><counter type="COMPLEXITY" missed="1" covered="0"/><counter type="METHOD" missed="1" covered="0"/></method><method name="getMessage" desc="()Ljava/lang/String;" line="250"><counter type="INSTRUCTION" missed="3" covered="0"/><counter type="LINE" missed="1" covered="0"/><counter type="COMPLEXITY" missed="1" covered="0"/><counter type="METHOD" missed="1" covered="0"/></method><method name="getFileContentList" desc="()Ljava/util/List;" line="254"><counter type="INSTRUCTION" missed="3" covered="0"/><counter type="LINE" missed="1" covered="0"/><counter type="COMPLEXITY" missed="1" covered="0"/><counter type="METHOD" missed="1" covered="0"/></method><method name="setSubject" desc="(Ljava/lang/String;)Lcom/sismics/util/EmailUtil$MailContent;" line="258"><counter type="INSTRUCTION" missed="5" covered="0"/><counter type="LINE" missed="2" covered="0"/><counter type="COMPLEXITY" missed="1" covered="0"/><counter type="METHOD" missed="1" covered="0"/></method><method name="getDate" desc="()Ljava/util/Date;" line="263"><counter type="INSTRUCTION" missed="3" covered="0"/><counter type="LINE" missed="1" covered="0"/><counter type="COMPLEXITY" missed="1" covered="0"/><counter type="METHOD" missed="1" covered="0"/></method><method name="setDate" desc="(Ljava/util/Date;)Lcom/sismics/util/EmailUtil$MailContent;" line="267"><counter type="INSTRUCTION" missed="5" covered="0"/><counter type="LINE" missed="2" covered="0"/><counter type="COMPLEXITY" missed="1" covered="0"/><counter type="METHOD" missed="1" covered="0"/></method><counter type="INSTRUCTION" missed="28" covered="0"/><counter type="LINE" missed="10" covered="0"/><counter type="COMPLEXITY" missed="7" covered="0"/><counter type="METHOD" missed="7" covered="0"/><counter type="CLASS" missed="1" covered="0"/></class><class name="com/sismics/util/EmailUtil$FileContent" sourcefilename="EmailUtil.java"><method name="&lt;init&gt;" desc="()V" line="275"><counter type="INSTRUCTION" missed="3" covered="0"/><counter type="LINE" missed="1" covered="0"/><counter type="COMPLEXITY" missed="1" covered="0"/><counter type="METHOD" missed="1" covered="0"/></method><method name="getName" desc="()Ljava/lang/String;" line="281"><counter type="INSTRUCTION" missed="3" covered="0"/><counter type="LINE" missed="1" covered="0"/><counter type="COMPLEXITY" missed="1" covered="0"/><counter type="METHOD" missed="1" covered="0"/></method><method name="getFile" desc="()Ljava/nio/file/Path;" line="285"><counter type="INSTRUCTION" missed="3" covered="0"/><counter type="LINE" missed="1" covered="0"/><counter type="COMPLEXITY" missed="1" covered="0"/><counter type="METHOD" missed="1" covered="0"/></method><method name="getSize" desc="()J" line="289"><counter type="INSTRUCTION" missed="3" covered="0"/><counter type="LINE" missed="1" covered="0"/><counter type="COMPLEXITY" missed="1" covered="0"/><counter type="METHOD" missed="1" covered="0"/></method><counter type="INSTRUCTION" missed="12" covered="0"/><counter type="LINE" missed="4" covered="0"/><counter type="COMPLEXITY" missed="4" covered="0"/><counter type="METHOD" missed="4" covered="0"/><counter type="CLASS" missed="1" covered="0"/></class><class name="com/sismics/util/HttpUtil" sourcefilename="HttpUtil.java"><method name="&lt;init&gt;" desc="()V" line="12"><counter type="INSTRUCTION" missed="3" covered="0"/><counter type="LINE" missed="1" covered="0"/><counter type="COMPLEXITY" missed="1" covered="0"/><counter type="METHOD" missed="1" covered="0"/></method><method name="buildExpiresHeader" desc="(J)Ljava/lang/String;" line="25"><counter type="INSTRUCTION" missed="10" covered="0"/><counter type="LINE" missed="1" covered="0"/><counter type="COMPLEXITY" missed="1" covered="0"/><counter type="METHOD" missed="1" covered="0"/></method><method name="&lt;clinit&gt;" desc="()V" line="16"><counter type="INSTRUCTION" missed="7" covered="0"/><counter type="LINE" missed="1" covered="0"/><counter type="COMPLEXITY" missed="1" covered="0"/><counter type="METHOD" missed="1" covered="0"/></method><counter type="INSTRUCTION" missed="20" covered="0"/><counter type="LINE" missed="3" covered="0"/><counter type="COMPLEXITY" missed="3" covered="0"/><counter type="METHOD" missed="3" covered="0"/><counter type="CLASS" missed="1" covered="0"/></class><class name="com/sismics/util/EmailUtil" sourcefilename="EmailUtil.java"><method name="&lt;init&gt;" desc="()V" line="46"><counter type="INSTRUCTION" missed="3" covered="0"/><counter type="LINE" missed="1" covered="0"/><counter type="COMPLEXITY" missed="1" covered="0"/><counter type="METHOD" missed="1" covered="0"/></method><method name="getFormattedHtml" desc="(Ljava/lang/String;Ljava/util/Map;Ljava/util/Locale;)Ljava/lang/String;" line="63"><counter type="INSTRUCTION" missed="46" covered="0"/><counter type="LINE" missed="9" covered="0"/><counter type="COMPLEXITY" missed="1" covered="0"/><counter type="METHOD" missed="1" covered="0"/></method><method name="sendEmail" desc="(Ljava/lang/String;Lcom/sismics/docs/core/dao/dto/UserDto;Ljava/lang/String;Ljava/util/Map;)V" line="84"><counter type="INSTRUCTION" missed="196" covered="0"/><counter type="BRANCH" missed="22" covered="0"/><counter type="LINE" missed="51" covered="0"/><counter type="COMPLEXITY" missed="12" covered="0"/><counter type="METHOD" missed="1" covered="0"/></method><method name="sendEmail" desc="(Ljava/lang/String;Lcom/sismics/docs/core/dao/dto/UserDto;Ljava/util/Map;)V" line="179"><counter type="INSTRUCTION" missed="17" covered="0"/><counter type="LINE" missed="4" covered="0"/><counter type="COMPLEXITY" missed="1" covered="0"/><counter type="METHOD" missed="1" covered="0"/></method><method name="parseMailContent" desc="(Ljavax/mail/Part;Lcom/sismics/util/EmailUtil$MailContent;)V" line="194"><counter type="INSTRUCTION" missed="143" covered="0"/><counter type="BRANCH" missed="18" covered="0"/><counter type="LINE" missed="31" covered="0"/><counter type="COMPLEXITY" missed="10" covered="0"/><counter type="METHOD" missed="1" covered="0"/></method><method name="&lt;clinit&gt;" desc="()V" line="50"><counter type="INSTRUCTION" missed="4" covered="0"/><counter type="LINE" missed="1" covered="0"/><counter type="COMPLEXITY" missed="1" covered="0"/><counter type="METHOD" missed="1" covered="0"/></method><counter type="INSTRUCTION" missed="409" covered="0"/><counter type="BRANCH" missed="40" covered="0"/><counter type="LINE" missed="97" covered="0"/><counter type="COMPLEXITY" missed="26" covered="0"/><counter type="METHOD" missed="6" covered="0"/><counter type="CLASS" missed="1" covered="0"/></class><class name="com/sismics/util/MessageUtil" sourcefilename="MessageUtil.java"><method name="&lt;init&gt;" desc="()V" line="13"><counter type="INSTRUCTION" missed="3" covered="0"/><counter type="LINE" missed="1" covered="0"/><counter type="COMPLEXITY" missed="1" covered="0"/><counter type="METHOD" missed="1" covered="0"/></method><method name="getMessage" desc="(Ljava/util/Locale;Ljava/lang/String;[Ljava/lang/Object;)Ljava/lang/String;" line="24"><counter type="INSTRUCTION" missed="17" covered="0"/><counter type="LINE" missed="6" covered="0"/><counter type="COMPLEXITY" missed="1" covered="0"/><counter type="METHOD" missed="1" covered="0"/></method><method name="getMessage" desc="(Ljava/util/Locale;)Ljava/util/ResourceBundle;" line="41"><counter type="INSTRUCTION" missed="4" covered="0"/><counter type="LINE" missed="1" covered="0"/><counter type="COMPLEXITY" missed="1" covered="0"/><counter type="METHOD" missed="1" covered="0"/></method><counter type="INSTRUCTION" missed="24" covered="0"/><counter type="LINE" missed="8" covered="0"/><counter type="COMPLEXITY" missed="3" covered="0"/><counter type="METHOD" missed="3" covered="0"/><counter type="CLASS" missed="1" covered="0"/></class><class name="com/sismics/util/Scalr" sourcefilename="Scalr.java"><method name="&lt;init&gt;" desc="()V" line="14"><counter type="INSTRUCTION" missed="3" covered="0"/><counter type="LINE" missed="1" covered="0"/><counter type="COMPLEXITY" missed="1" covered="0"/><counter type="METHOD" missed="1" covered="0"/></method><method name="rotate" desc="(Ljava/awt/image/BufferedImage;D[Ljava/awt/image/BufferedImageOp;)Ljava/awt/image/BufferedImage;" line="26"><counter type="INSTRUCTION" missed="39" covered="45"/><counter type="BRANCH" missed="5" covered="5"/><counter type="LINE" missed="3" covered="13"/><counter type="COMPLEXITY" missed="5" covered="1"/><counter type="METHOD" missed="0" covered="1"/></method><counter type="INSTRUCTION" missed="42" covered="45"/><counter type="BRANCH" missed="5" covered="5"/><counter type="LINE" missed="4" covered="13"/><counter type="COMPLEXITY" missed="6" covered="1"/><counter type="METHOD" missed="1" covered="1"/><counter type="CLASS" missed="0" covered="1"/></class><class name="com/sismics/util/JsonUtil" sourcefilename="JsonUtil.java"><method name="&lt;init&gt;" desc="()V" line="11"><counter type="INSTRUCTION" missed="3" covered="0"/><counter type="LINE" missed="1" covered="0"/><counter type="COMPLEXITY" missed="1" covered="0"/><counter type="METHOD" missed="1" covered="0"/></method><method name="nullable" desc="(Ljava/lang/String;)Ljakarta/json/JsonValue;" line="19"><counter type="INSTRUCTION" missed="13" covered="0"/><counter type="BRANCH" missed="2" covered="0"/><counter type="LINE" missed="3" covered="0"/><counter type="COMPLEXITY" missed="2" covered="0"/><counter type="METHOD" missed="1" covered="0"/></method><method name="nullable" desc="(Ljava/lang/Integer;)Ljakarta/json/JsonValue;" line="32"><counter type="INSTRUCTION" missed="14" covered="0"/><counter type="BRANCH" missed="2" covered="0"/><counter type="LINE" missed="3" covered="0"/><counter type="COMPLEXITY" missed="2" covered="0"/><counter type="METHOD" missed="1" covered="0"/></method><method name="nullable" desc="(Ljava/lang/Long;)Ljakarta/json/JsonValue;" line="45"><counter type="INSTRUCTION" missed="14" covered="0"/><counter type="BRANCH" missed="2" covered="0"/><counter type="LINE" missed="3" covered="0"/><counter type="COMPLEXITY" missed="2" covered="0"/><counter type="METHOD" missed="1" covered="0"/></method><counter type="INSTRUCTION" missed="44" covered="0"/><counter type="BRANCH" missed="6" covered="0"/><counter type="LINE" missed="10" covered="0"/><counter type="COMPLEXITY" missed="7" covered="0"/><counter type="METHOD" missed="4" covered="0"/><counter type="CLASS" missed="1" covered="0"/></class><class name="com/sismics/util/EnvironmentUtil" sourcefilename="EnvironmentUtil.java"><method name="&lt;init&gt;" desc="()V" line="8"><counter type="INSTRUCTION" missed="3" covered="0"/><counter type="LINE" missed="1" covered="0"/><counter type="COMPLEXITY" missed="1" covered="0"/><counter type="METHOD" missed="1" covered="0"/></method><method name="isWindows" desc="()Z" line="31"><counter type="INSTRUCTION" missed="4" covered="0"/><counter type="LINE" missed="1" covered="0"/><counter type="COMPLEXITY" missed="1" covered="0"/><counter type="METHOD" missed="1" covered="0"/></method><method name="isMacOs" desc="()Z" line="40"><counter type="INSTRUCTION" missed="4" covered="0"/><counter type="LINE" missed="1" covered="0"/><counter type="COMPLEXITY" missed="1" covered="0"/><counter type="METHOD" missed="1" covered="0"/></method><method name="isUnix" desc="()Z" line="49"><counter type="INSTRUCTION" missed="16" covered="0"/><counter type="BRANCH" missed="6" covered="0"/><counter type="LINE" missed="1" covered="0"/><counter type="COMPLEXITY" missed="4" covered="0"/><counter type="METHOD" missed="1" covered="0"/></method><method name="isUnitTest" desc="()Z" line="58"><counter type="INSTRUCTION" missed="1" covered="5"/><counter type="BRANCH" missed="1" covered="1"/><counter type="LINE" missed="0" covered="1"/><counter type="COMPLEXITY" missed="1" covered="1"/><counter type="METHOD" missed="0" covered="1"/></method><method name="isDevMode" desc="()Z" line="67"><counter type="INSTRUCTION" missed="4" covered="0"/><counter type="LINE" missed="1" covered="0"/><counter type="COMPLEXITY" missed="1" covered="0"/><counter type="METHOD" missed="1" covered="0"/></method><method name="getWindowsAppData" desc="()Ljava/lang/String;" line="76"><counter type="INSTRUCTION" missed="2" covered="0"/><counter type="LINE" missed="1" covered="0"/><counter type="COMPLEXITY" missed="1" covered="0"/><counter type="METHOD" missed="1" covered="0"/></method><method name="getMacOsUserHome" desc="()Ljava/lang/String;" line="85"><counter type="INSTRUCTION" missed="2" covered="0"/><counter type="LINE" missed="1" covered="0"/><counter type="COMPLEXITY" missed="1" covered="0"/><counter type="METHOD" missed="1" covered="0"/></method><method name="getTeedyHome" desc="()Ljava/lang/String;" line="94"><counter type="INSTRUCTION" missed="0" covered="2"/><counter type="LINE" missed="0" covered="1"/><counter type="COMPLEXITY" missed="0" covered="1"/><counter type="METHOD" missed="0" covered="1"/></method><method name="isWebappContext" desc="()Z" line="103"><counter type="INSTRUCTION" missed="2" covered="0"/><counter type="LINE" missed="1" covered="0"/><counter type="COMPLEXITY" missed="1" covered="0"/><counter type="METHOD" missed="1" covered="0"/></method><method name="setWebappContext" desc="(Z)V" line="112"><counter type="INSTRUCTION" missed="3" covered="0"/><counter type="LINE" missed="2" covered="0"/><counter type="COMPLEXITY" missed="1" covered="0"/><counter type="METHOD" missed="1" covered="0"/></method><method name="&lt;clinit&gt;" desc="()V" line="10"><counter type="INSTRUCTION" missed="0" covered="17"/><counter type="LINE" missed="0" covered="5"/><counter type="COMPLEXITY" missed="0" covered="1"/><counter type="METHOD" missed="0" covered="1"/></method><counter type="INSTRUCTION" missed="41" covered="24"/><counter type="BRANCH" missed="7" covered="1"/><counter type="LINE" missed="10" covered="7"/><counter type="COMPLEXITY" missed="13" covered="3"/><counter type="METHOD" missed="9" covered="3"/><counter type="CLASS" missed="0" covered="1"/></class><class name="com/sismics/util/ImageDeskew" sourcefilename="ImageDeskew.java"><method name="&lt;init&gt;" desc="(Ljava/awt/image/BufferedImage;)V" line="27"><counter type="INSTRUCTION" missed="0" covered="18"/><counter type="LINE" missed="0" covered="7"/><counter type="COMPLEXITY" missed="0" covered="1"/><counter type="METHOD" missed="0" covered="1"/></method><method name="getSkewAngle" desc="()D" line="48"><counter type="INSTRUCTION" missed="2" covered="34"/><counter type="BRANCH" missed="1" covered="3"/><counter type="LINE" missed="1" covered="9"/><counter type="COMPLEXITY" missed="1" covered="2"/><counter type="METHOD" missed="0" covered="1"/></method><method name="getTop" desc="(I)[Lcom/sismics/util/ImageDeskew$HoughLine;" line="71"><counter type="INSTRUCTION" missed="0" covered="136"/><counter type="BRANCH" missed="0" covered="12"/><counter type="LINE" missed="0" covered="19"/><counter type="COMPLEXITY" missed="0" covered="7"/><counter type="METHOD" missed="0" covered="1"/></method><method name="calc" desc="()V" line="108"><counter type="INSTRUCTION" missed="0" covered="57"/><counter type="BRANCH" missed="0" covered="8"/><counter type="LINE" missed="0" covered="9"/><counter type="COMPLEXITY" missed="0" covered="5"/><counter type="METHOD" missed="0" covered="1"/></method><method name="calc" desc="(II)V" line="131"><counter type="INSTRUCTION" missed="5" covered="49"/><counter type="BRANCH" missed="0" covered="2"/><counter type="LINE" missed="2" covered="7"/><counter type="COMPLEXITY" missed="0" covered="2"/><counter type="METHOD" missed="0" covered="1"/></method><method name="init" desc="()V" line="148"><counter type="INSTRUCTION" missed="0" covered="76"/><counter type="BRANCH" missed="0" covered="2"/><counter type="LINE" missed="0" covered="10"/><counter type="COMPLEXITY" missed="0" covered="2"/><counter type="METHOD" missed="0" covered="1"/></method><method name="getAlpha" desc="(I)D" line="165"><counter type="INSTRUCTION" missed="0" covered="9"/><counter type="LINE" missed="0" covered="1"/><counter type="COMPLEXITY" missed="0" covered="1"/><counter type="METHOD" missed="0" covered="1"/></method><counter type="INSTRUCTION" missed="7" covered="379"/><counter type="BRANCH" missed="1" covered="27"/><counter type="LINE" missed="3" covered="62"/><counter type="COMPLEXITY" missed="1" covered="20"/><counter type="METHOD" missed="0" covered="7"/><counter type="CLASS" missed="0" covered="1"/></class><class name="com/sismics/util/ResourceBundleModel" sourcefilename="ResourceBundleModel.java"><method name="&lt;init&gt;" desc="(Ljava/util/ResourceBundle;Lfreemarker/ext/beans/BeansWrapper;)V" line="28"><counter type="INSTRUCTION" missed="5" covered="0"/><counter type="LINE" missed="2" covered="0"/><counter type="COMPLEXITY" missed="1" covered="0"/><counter type="METHOD" missed="1" covered="0"/></method><method name="exec" desc="(Ljava/util/List;)Ljava/lang/Object;" line="35"><counter type="INSTRUCTION" missed="66" covered="0"/><counter type="BRANCH" missed="4" covered="0"/><counter type="LINE" missed="13" covered="0"/><counter type="COMPLEXITY" missed="3" covered="0"/><counter type="METHOD" missed="1" covered="0"/></method><counter type="INSTRUCTION" missed="71" covered="0"/><counter type="BRANCH" missed="4" covered="0"/><counter type="LINE" missed="15" covered="0"/><counter type="COMPLEXITY" missed="4" covered="0"/><counter type="METHOD" missed="2" covered="0"/><counter type="CLASS" missed="1" covered="0"/></class><class name="com/sismics/util/HtmlToPlainText$FormattingVisitor" sourcefilename="HtmlToPlainText.java"><method name="&lt;init&gt;" desc="()V" line="31"><counter type="INSTRUCTION" missed="11" covered="0"/><counter type="LINE" missed="3" covered="0"/><counter type="COMPLEXITY" missed="1" covered="0"/><counter type="METHOD" missed="1" covered="0"/></method><method name="head" desc="(Lorg/jsoup/nodes/Node;I)V" line="38"><counter type="INSTRUCTION" missed="65" covered="0"/><counter type="BRANCH" missed="8" covered="0"/><counter type="LINE" missed="10" covered="0"/><counter type="COMPLEXITY" missed="5" covered="0"/><counter type="METHOD" missed="1" covered="0"/></method><method name="tail" desc="(Lorg/jsoup/nodes/Node;I)V" line="51"><counter type="INSTRUCTION" missed="65" covered="0"/><counter type="BRANCH" missed="4" covered="0"/><counter type="LINE" missed="6" covered="0"/><counter type="COMPLEXITY" missed="3" covered="0"/><counter type="METHOD" missed="1" covered="0"/></method><method name="append" desc="(Ljava/lang/String;)V" line="60"><counter type="INSTRUCTION" missed="119" covered="0"/><counter type="BRANCH" missed="18" covered="0"/><counter type="LINE" missed="21" covered="0"/><counter type="COMPLEXITY" missed="10" covered="0"/><counter type="METHOD" missed="1" covered="0"/></method><method name="toString" desc="()Ljava/lang/String;" line="89"><counter type="INSTRUCTION" missed="4" covered="0"/><counter type="LINE" missed="1" covered="0"/><counter type="COMPLEXITY" missed="1" covered="0"/><counter type="METHOD" missed="1" covered="0"/></method><counter type="INSTRUCTION" missed="264" covered="0"/><counter type="BRANCH" missed="30" covered="0"/><counter type="LINE" missed="41" covered="0"/><counter type="COMPLEXITY" missed="20" covered="0"/><counter type="METHOD" missed="5" covered="0"/><counter type="CLASS" missed="1" covered="0"/></class><class name="com/sismics/util/HtmlToPlainText" sourcefilename="HtmlToPlainText.java"><method name="&lt;init&gt;" desc="()V" line="17"><counter type="INSTRUCTION" missed="3" covered="0"/><counter type="LINE" missed="1" covered="0"/><counter type="COMPLEXITY" missed="1" covered="0"/><counter type="METHOD" missed="1" covered="0"/></method><method name="getPlainText" desc="(Lorg/jsoup/nodes/Element;)Ljava/lang/String;" line="24"><counter type="INSTRUCTION" missed="10" covered="0"/><counter type="LINE" missed="3" covered="0"/><counter type="COMPLEXITY" missed="1" covered="0"/><counter type="METHOD" missed="1" covered="0"/></method><counter type="INSTRUCTION" missed="13" covered="0"/><counter type="LINE" missed="4" covered="0"/><counter type="COMPLEXITY" missed="2" covered="0"/><counter type="METHOD" missed="2" covered="0"/><counter type="CLASS" missed="1" covered="0"/></class><sourcefile name="EnvironmentUtil.java"><line nr="8" mi="3" ci="0" mb="0" cb="0"/><line nr="10" mi="0" ci="4" mb="0" cb="0"/><line nr="12" mi="0" ci="3" mb="0" cb="0"/><line nr="14" mi="0" ci="3" mb="0" cb="0"/><line nr="16" mi="0" ci="3" mb="0" cb="0"/><line nr="18" mi="0" ci="4" mb="0" cb="0"/><line nr="31" mi="4" ci="0" mb="0" cb="0"/><line nr="40" mi="4" ci="0" mb="0" cb="0"/><line nr="49" mi="16" ci="0" mb="6" cb="0"/><line nr="58" mi="1" ci="5" mb="1" cb="1"/><line nr="67" mi="4" ci="0" mb="0" cb="0"/><line nr="76" mi="2" ci="0" mb="0" cb="0"/><line nr="85" mi="2" ci="0" mb="0" cb="0"/><line nr="94" mi="0" ci="2" mb="0" cb="0"/><line nr="103" mi="2" ci="0" mb="0" cb="0"/><line nr="112" mi="2" ci="0" mb="0" cb="0"/><line nr="113" mi="1" ci="0" mb="0" cb="0"/><counter type="INSTRUCTION" missed="41" covered="24"/><counter type="BRANCH" missed="7" covered="1"/><counter type="LINE" missed="10" covered="7"/><counter type="COMPLEXITY" missed="13" covered="3"/><counter type="METHOD" missed="9" covered="3"/><counter type="CLASS" missed="0" covered="1"/></sourcefile><sourcefile name="JsonUtil.java"><line nr="11" mi="3" ci="0" mb="0" cb="0"/><line nr="19" mi="2" ci="0" mb="2" cb="0"/><line nr="20" mi="2" ci="0" mb="0" cb="0"/><line nr="22" mi="9" ci="0" mb="0" cb="0"/><line nr="32" mi="2" ci="0" mb="2" cb="0"/><line nr="33" mi="2" ci="0" mb="0" cb="0"/><line nr="35" mi="10" ci="0" mb="0" cb="0"/><line nr="45" mi="2" ci="0" mb="2" cb="0"/><line nr="46" mi="2" ci="0" mb="0" cb="0"/><line nr="48" mi="10" ci="0" mb="0" cb="0"/><counter type="INSTRUCTION" missed="44" covered="0"/><counter type="BRANCH" missed="6" covered="0"/><counter type="LINE" missed="10" covered="0"/><counter type="COMPLEXITY" missed="7" covered="0"/><counter type="METHOD" missed="4" covered="0"/><counter type="CLASS" missed="1" covered="0"/></sourcefile><sourcefile name="ResourceBundleModel.java"><line nr="28" mi="4" ci="0" mb="0" cb="0"/><line nr="29" mi="1" ci="0" mb="0" cb="0"/><line nr="35" mi="4" ci="0" mb="2" cb="0"/><line nr="36" mi="5" ci="0" mb="0" cb="0"/><line nr="38" mi="3" ci="0" mb="0" cb="0"/><line nr="39" mi="7" ci="0" mb="0" cb="0"/><line nr="42" mi="5" ci="0" mb="0" cb="0"/><line nr="43" mi="3" ci="0" mb="0" cb="0"/><line nr="44" mi="7" ci="0" mb="2" cb="0"/><line nr="45" mi="8" ci="0" mb="0" cb="0"/><line nr="48" mi="10" ci="0" mb="0" cb="0"/><line nr="49" mi="1" ci="0" mb="0" cb="0"/><line nr="50" mi="6" ci="0" mb="0" cb="0"/><line nr="51" mi="1" ci="0" mb="0" cb="0"/><line nr="52" mi="6" ci="0" mb="0" cb="0"/><counter type="INSTRUCTION" missed="71" covered="0"/><counter type="BRANCH" missed="4" covered="0"/><counter type="LINE" missed="15" covered="0"/><counter type="COMPLEXITY" missed="4" covered="0"/><counter type="METHOD" missed="2" covered="0"/><counter type="CLASS" missed="1" covered="0"/></sourcefile><sourcefile name="Scalr.java"><line nr="14" mi="3" ci="0" mb="0" cb="0"/><line nr="26" mi="0" ci="2" mb="0" cb="0"/><line nr="27" mi="0" ci="2" mb="1" cb="1"/><line nr="28" mi="5" ci="0" mb="0" cb="0"/><line nr="30" mi="0" ci="2" mb="1" cb="1"/><line nr="31" mi="10" ci="0" mb="0" cb="0"/><line nr="34" mi="0" ci="4" mb="0" cb="0"/><line nr="35" mi="0" ci="4" mb="0" cb="0"/><line nr="37" mi="0" ci="7" mb="0" cb="0"/><line nr="38" mi="0" ci="3" mb="0" cb="0"/><line nr="39" mi="0" ci="6" mb="0" cb="0"/><line nr="40" mi="0" ci="2" mb="0" cb="0"/><line nr="41" mi="0" ci="2" mb="1" cb="1"/><line nr="42" mi="24" ci="0" mb="0" cb="0"/><line nr="45" mi="0" ci="5" mb="2" cb="2"/><line nr="46" mi="0" ci="4" mb="0" cb="0"/><line nr="49" mi="0" ci="2" mb="0" cb="0"/><counter type="INSTRUCTION" missed="42" covered="45"/><counter type="BRANCH" missed="5" covered="5"/><counter type="LINE" missed="4" covered="13"/><counter type="COMPLEXITY" missed="6" covered="1"/><counter type="METHOD" missed="1" covered="1"/><counter type="CLASS" missed="0" covered="1"/></sourcefile><sourcefile name="ImageUtil.java"><line nr="23" mi="3" ci="0" mb="0" cb="0"/><line nr="32" mi="3" ci="0" mb="0" cb="0"/><line nr="33" mi="2" ci="0" mb="0" cb="0"/><line nr="34" mi="2" ci="0" mb="0" cb="0"/><line nr="36" mi="4" ci="0" mb="0" cb="0"/><line nr="37" mi="3" ci="0" mb="0" cb="0"/><line nr="38" mi="3" ci="0" mb="0" cb="0"/><line nr="39" mi="3" ci="0" mb="0" cb="0"/><line nr="40" mi="3" ci="0" mb="0" cb="0"/><line nr="41" mi="3" ci="0" mb="0" cb="0"/><line nr="43" mi="4" ci="0" mb="2" cb="0"/><line nr="45" mi="9" ci="0" mb="0" cb="0"/><line nr="46" mi="3" ci="0" mb="0" cb="0"/><line nr="47" mi="3" ci="0" mb="0" cb="0"/><line nr="48" mi="8" ci="0" mb="0" cb="0"/><line nr="49" mi="7" ci="0" mb="0" cb="0"/><line nr="50" mi="2" ci="0" mb="0" cb="0"/><line nr="53" mi="7" ci="0" mb="0" cb="0"/><line nr="54" mi="5" ci="0" mb="0" cb="0"/><line nr="56" mi="2" ci="0" mb="2" cb="0"/><line nr="58" mi="2" ci="0" mb="0" cb="0"/><line nr="59" mi="1" ci="0" mb="0" cb="0"/><line nr="61" mi="1" ci="0" mb="0" cb="0"/><line nr="63" mi="2" ci="0" mb="2" cb="0"/><line nr="64" mi="2" ci="0" mb="0" cb="0"/><line nr="67" mi="1" ci="0" mb="0" cb="0"/><line nr="78" mi="0" ci="2" mb="0" cb="2"/><line nr="79" mi="0" ci="2" mb="0" cb="0"/><line nr="82" mi="0" ci="4" mb="0" cb="0"/><line nr="83" mi="0" ci="3" mb="0" cb="0"/><line nr="84" mi="0" ci="1" mb="0" cb="0"/><line nr="96" mi="0" ci="4" mb="0" cb="2"/><line nr="97" mi="0" ci="3" mb="0" cb="0"/><line nr="98" mi="0" ci="6" mb="0" cb="0"/><line nr="99" mi="0" ci="6" mb="0" cb="2"/><line nr="102" mi="0" ci="2" mb="0" cb="0"/><line nr="103" mi="0" ci="6" mb="0" cb="0"/><line nr="120" mi="0" ci="2" mb="0" cb="0"/><line nr="123" mi="0" ci="12" mb="4" cb="4"/><line nr="124" mi="2" ci="0" mb="0" cb="0"/><line nr="128" mi="0" ci="5" mb="0" cb="0"/><line nr="129" mi="0" ci="6" mb="0" cb="0"/><line nr="130" mi="0" ci="6" mb="0" cb="0"/><line nr="131" mi="0" ci="4" mb="0" cb="0"/><line nr="132" mi="0" ci="15" mb="0" cb="0"/><line nr="133" mi="1" ci="0" mb="0" cb="0"/><line nr="135" mi="0" ci="1" mb="0" cb="0"/><line nr="137" mi="0" ci="9" mb="0" cb="2"/><counter type="INSTRUCTION" missed="91" covered="99"/><counter type="BRANCH" missed="10" covered="12"/><counter type="LINE" missed="28" covered="20"/><counter type="COMPLEXITY" missed="9" covered="7"/><counter type="METHOD" missed="2" covered="3"/><counter type="CLASS" missed="0" covered="1"/></sourcefile><sourcefile name="LocaleUtil.java"><line nr="12" mi="3" ci="0" mb="0" cb="0"/><line nr="20" mi="3" ci="0" mb="2" cb="0"/><line nr="21" mi="2" ci="0" mb="0" cb="0"/><line nr="24" mi="4" ci="0" mb="0" cb="0"/><line nr="25" mi="4" ci="0" mb="0" cb="0"/><line nr="26" mi="2" ci="0" mb="0" cb="0"/><line nr="27" mi="2" ci="0" mb="0" cb="0"/><line nr="28" mi="4" ci="0" mb="2" cb="0"/><line nr="29" mi="4" ci="0" mb="0" cb="0"/><line nr="31" mi="4" ci="0" mb="2" cb="0"/><line nr="32" mi="4" ci="0" mb="0" cb="0"/><line nr="34" mi="7" ci="0" mb="0" cb="0"/><counter type="INSTRUCTION" missed="43" covered="0"/><counter type="BRANCH" missed="6" covered="0"/><counter type="LINE" missed="12" covered="0"/><counter type="COMPLEXITY" missed="5" covered="0"/><counter type="METHOD" missed="2" covered="0"/><counter type="CLASS" missed="1" covered="0"/></sourcefile><sourcefile name="ResourceUtil.java"><line nr="22" mi="3" ci="0" mb="0" cb="0"/><line nr="36" mi="0" ci="4" mb="0" cb="0"/><line nr="37" mi="0" ci="7" mb="1" cb="3"/><line nr="38" mi="9" ci="0" mb="0" cb="0"/><line nr="42" mi="0" ci="2" mb="0" cb="2"/><line nr="43" mi="0" ci="7" mb="0" cb="0"/><line nr="44" mi="0" ci="5" mb="0" cb="0"/><line nr="47" mi="0" ci="5" mb="1" cb="1"/><line nr="48" mi="0" ci="4" mb="0" cb="2"/><line nr="49" mi="0" ci="4" mb="0" cb="0"/><line nr="51" mi="0" ci="4" mb="0" cb="2"/><line nr="52" mi="0" ci="3" mb="0" cb="0"/><line nr="56" mi="0" ci="9" mb="0" cb="0"/><line nr="57" mi="0" ci="7" mb="0" cb="0"/><line nr="58" mi="0" ci="4" mb="0" cb="0"/><line nr="61" mi="0" ci="3" mb="0" cb="0"/><line nr="62" mi="0" ci="3" mb="0" cb="2"/><line nr="64" mi="0" ci="5" mb="0" cb="0"/><line nr="65" mi="0" ci="4" mb="0" cb="2"/><line nr="66" mi="0" ci="1" mb="0" cb="0"/><line nr="68" mi="0" ci="5" mb="0" cb="0"/><line nr="69" mi="0" ci="4" mb="0" cb="2"/><line nr="71" mi="0" ci="4" mb="0" cb="0"/><line nr="72" mi="0" ci="2" mb="1" cb="1"/><line nr="73" mi="5" ci="0" mb="0" cb="0"/><line nr="76" mi="5" ci="2" mb="3" cb="1"/><line nr="77" mi="0" ci="4" mb="0" cb="0"/><line nr="80" mi="0" ci="1" mb="0" cb="0"/><line nr="82" mi="0" ci="2" mb="0" cb="0"/><line nr="85" mi="0" ci="3" mb="0" cb="0"/><line nr="88" mi="12" ci="0" mb="0" cb="0"/><line nr="101" mi="0" ci="5" mb="0" cb="0"/><counter type="INSTRUCTION" missed="34" covered="113"/><counter type="BRANCH" missed="6" covered="18"/><counter type="LINE" missed="4" covered="28"/><counter type="COMPLEXITY" missed="6" covered="9"/><counter type="METHOD" missed="1" covered="2"/><counter type="CLASS" missed="0" covered="1"/></sourcefile><sourcefile name="HttpUtil.java"><line nr="12" mi="3" ci="0" mb="0" cb="0"/><line nr="16" mi="7" ci="0" mb="0" cb="0"/><line nr="25" mi="10" ci="0" mb="0" cb="0"/><counter type="INSTRUCTION" missed="20" covered="0"/><counter type="LINE" missed="3" covered="0"/><counter type="COMPLEXITY" missed="3" covered="0"/><counter type="METHOD" missed="3" covered="0"/><counter type="CLASS" missed="1" covered="0"/></sourcefile><sourcefile name="ImageDeskew.java"><line nr="12" mi="0" ci="5" mb="0" cb="0"/><line nr="15" mi="0" ci="3" mb="0" cb="0"/><line nr="17" mi="0" ci="4" mb="0" cb="0"/><line nr="27" mi="0" ci="3" mb="0" cb="0"/><line nr="28" mi="0" ci="3" mb="0" cb="0"/><line nr="29" mi="0" ci="3" mb="0" cb="0"/><line nr="35" mi="0" ci="3" mb="0" cb="0"/><line nr="41" mi="0" ci="2" mb="0" cb="0"/><line nr="42" mi="0" ci="3" mb="0" cb="0"/><line nr="43" mi="0" ci="1" mb="0" cb="0"/><line nr="48" mi="0" ci="2" mb="0" cb="0"/><line nr="49" mi="0" ci="2" mb="0" cb="0"/><line nr="52" mi="0" ci="2" mb="0" cb="0"/><line nr="54" mi="0" ci="4" mb="0" cb="0"/><line nr="56" mi="0" ci="4" mb="1" cb="1"/><line nr="58" mi="0" ci="7" mb="0" cb="2"/><line nr="59" mi="0" ci="7" mb="0" cb="0"/><line nr="60" mi="0" ci="1" mb="0" cb="0"/><line nr="62" mi="0" ci="5" mb="0" cb="0"/><line nr="64" mi="2" ci="0" mb="0" cb="0"/><line nr="71" mi="0" ci="3" mb="0" cb="0"/><line nr="72" mi="0" ci="7" mb="0" cb="2"/><line nr="73" mi="0" ci="7" mb="0" cb="0"/><line nr="78" mi="0" ci="11" mb="0" cb="2"/><line nr="79" mi="0" ci="11" mb="0" cb="2"/><line nr="80" mi="0" ci="10" mb="0" cb="0"/><line nr="81" mi="0" ci="7" mb="0" cb="0"/><line nr="82" mi="0" ci="4" mb="0" cb="0"/><line nr="83" mi="0" ci="13" mb="0" cb="4"/><line nr="84" mi="0" ci="4" mb="0" cb="0"/><line nr="85" mi="0" ci="8" mb="0" cb="0"/><line nr="86" mi="0" ci="6" mb="0" cb="0"/><line nr="87" mi="0" ci="2" mb="0" cb="0"/><line nr="95" mi="0" ci="7" mb="0" cb="2"/><line nr="96" mi="0" ci="8" mb="0" cb="0"/><line nr="98" mi="0" ci="10" mb="0" cb="0"/><line nr="99" mi="0" ci="7" mb="0" cb="0"/><line nr="100" mi="0" ci="9" mb="0" cb="0"/><line nr="103" mi="0" ci="2" mb="0" cb="0"/><line nr="108" mi="0" ci="8" mb="0" cb="0"/><line nr="109" mi="0" ci="10" mb="0" cb="0"/><line nr="110" mi="0" ci="2" mb="0" cb="0"/><line nr="112" mi="0" ci="7" mb="0" cb="2"/><line nr="113" mi="0" ci="11" mb="0" cb="2"/><line nr="115" mi="0" ci="6" mb="0" cb="2"/><line nr="116" mi="0" ci="8" mb="0" cb="2"/><line nr="117" mi="0" ci="4" mb="0" cb="0"/><line nr="123" mi="0" ci="1" mb="0" cb="0"/><line nr="131" mi="0" ci="10" mb="0" cb="2"/><line nr="132" mi="0" ci="16" mb="0" cb="0"/><line nr="133" mi="0" ci="6" mb="0" cb="0"/><line nr="134" mi="0" ci="7" mb="0" cb="0"/><line nr="136" mi="0" ci="8" mb="0" cb="0"/><line nr="137" mi="1" ci="0" mb="0" cb="0"/><line nr="138" mi="4" ci="0" mb="0" cb="0"/><line nr="139" mi="0" ci="1" mb="0" cb="0"/><line nr="141" mi="0" ci="1" mb="0" cb="0"/><line nr="148" mi="0" ci="7" mb="0" cb="0"/><line nr="149" mi="0" ci="7" mb="0" cb="0"/><line nr="151" mi="0" ci="10" mb="0" cb="2"/><line nr="152" mi="0" ci="8" mb="0" cb="0"/><line nr="153" mi="0" ci="6" mb="0" cb="0"/><line nr="154" mi="0" ci="6" mb="0" cb="0"/><line nr="158" mi="0" ci="7" mb="0" cb="0"/><line nr="159" mi="0" ci="16" mb="0" cb="0"/><line nr="160" mi="0" ci="8" mb="0" cb="0"/><line nr="162" mi="0" ci="1" mb="0" cb="0"/><line nr="165" mi="0" ci="9" mb="0" cb="0"/><counter type="INSTRUCTION" missed="7" covered="391"/><counter type="BRANCH" missed="1" covered="27"/><counter type="LINE" missed="3" covered="65"/><counter type="COMPLEXITY" missed="1" covered="21"/><counter type="METHOD" missed="0" covered="8"/><counter type="CLASS" missed="0" covered="2"/></sourcefile><sourcefile name="ClasspathScanner.java"><line nr="14" mi="0" ci="3" mb="0" cb="0"/><line nr="18" mi="0" ci="4" mb="0" cb="0"/><line nr="29" mi="0" ci="2" mb="0" cb="0"/><line nr="31" mi="0" ci="14" mb="0" cb="2"/><line nr="32" mi="0" ci="3" mb="0" cb="0"/><line nr="33" mi="0" ci="11" mb="1" cb="5"/><line nr="34" mi="0" ci="4" mb="0" cb="0"/><line nr="36" mi="0" ci="1" mb="0" cb="0"/><line nr="37" mi="1" ci="0" mb="0" cb="0"/><line nr="38" mi="4" ci="0" mb="0" cb="0"/><line nr="39" mi="0" ci="1" mb="0" cb="0"/><line nr="41" mi="0" ci="3" mb="0" cb="0"/><line nr="42" mi="0" ci="5" mb="0" cb="0"/><line nr="43" mi="0" ci="5" mb="0" cb="0"/><line nr="44" mi="2" ci="6" mb="1" cb="1"/><line nr="45" mi="2" ci="4" mb="1" cb="1"/><line nr="48" mi="0" ci="7" mb="0" cb="0"/><line nr="49" mi="0" ci="2" mb="0" cb="0"/><counter type="INSTRUCTION" missed="9" covered="75"/><counter type="BRANCH" missed="3" covered="9"/><counter type="LINE" missed="2" covered="16"/><counter type="COMPLEXITY" missed="3" covered="7"/><counter type="METHOD" missed="0" covered="4"/><counter type="CLASS" missed="0" covered="1"/></sourcefile><sourcefile name="MessageUtil.java"><line nr="13" mi="3" ci="0" mb="0" cb="0"/><line nr="24" mi="4" ci="0" mb="0" cb="0"/><line nr="27" mi="4" ci="0" mb="0" cb="0"/><line nr="28" mi="1" ci="0" mb="0" cb="0"/><line nr="29" mi="3" ci="0" mb="0" cb="0"/><line nr="30" mi="1" ci="0" mb="0" cb="0"/><line nr="31" mi="4" ci="0" mb="0" cb="0"/><line nr="41" mi="4" ci="0" mb="0" cb="0"/><counter type="INSTRUCTION" missed="24" covered="0"/><counter type="LINE" missed="8" covered="0"/><counter type="COMPLEXITY" missed="3" covered="0"/><counter type="METHOD" missed="3" covered="0"/><counter type="CLASS" missed="1" covered="0"/></sourcefile><sourcefile name="EmailUtil.java"><line nr="46" mi="3" ci="0" mb="0" cb="0"/><line nr="50" mi="4" ci="0" mb="0" cb="0"/><line nr="63" mi="5" ci="0" mb="0" cb="0"/><line nr="64" mi="4" ci="0" mb="0" cb="0"/><line nr="65" mi="7" ci="0" mb="0" cb="0"/><line nr="66" mi="5" ci="0" mb="0" cb="0"/><line nr="67" mi="12" ci="0" mb="0" cb="0"/><line nr="68" mi="2" ci="0" mb="0" cb="0"/><line nr="69" mi="4" ci="0" mb="0" cb="0"/><line nr="70" mi="4" ci="0" mb="0" cb="0"/><line nr="72" mi="3" ci="0" mb="0" cb="0"/><line nr="84" mi="3" ci="0" mb="2" cb="0"/><line nr="85" mi="5" ci="0" mb="0" cb="0"/><line nr="90" mi="4" ci="0" mb="0" cb="0"/><line nr="91" mi="4" ci="0" mb="0" cb="0"/><line nr="92" mi="4" ci="0" mb="0" cb="0"/><line nr="95" mi="3" ci="0" mb="0" cb="0"/><line nr="96" mi="3" ci="0" mb="2" cb="0"/><line nr="97" mi="5" ci="0" mb="0" cb="0"/><line nr="99" mi="3" ci="0" mb="0" cb="0"/><line nr="103" mi="3" ci="0" mb="0" cb="0"/><line nr="104" mi="3" ci="0" mb="0" cb="0"/><line nr="105" mi="3" ci="0" mb="2" cb="0"/><line nr="106" mi="4" ci="0" mb="0" cb="0"/><line nr="108" mi="3" ci="0" mb="0" cb="0"/><line nr="109" mi="3" ci="0" mb="2" cb="0"/><line nr="110" mi="5" ci="0" mb="0" cb="0"/><line nr="111" mi="3" ci="0" mb="2" cb="0"/><line nr="112" mi="4" ci="0" mb="0" cb="0"/><line nr="116" mi="3" ci="0" mb="0" cb="0"/><line nr="117" mi="3" ci="0" mb="0" cb="0"/><line nr="118" mi="6" ci="0" mb="4" cb="0"/><line nr="119" mi="4" ci="0" mb="0" cb="0"/><line nr="120" mi="4" ci="0" mb="0" cb="0"/><line nr="121" mi="4" ci="0" mb="4" cb="0"/><line nr="122" mi="6" ci="0" mb="0" cb="0"/><line nr="124" mi="1" ci="0" mb="0" cb="0"/><line nr="125" mi="4" ci="0" mb="0" cb="0"/><line nr="129" mi="7" ci="0" mb="0" cb="0"/><line nr="132" mi="4" ci="0" mb="0" cb="0"/><line nr="133" mi="2" ci="0" mb="0" cb="0"/><line nr="134" mi="2" ci="0" mb="2" cb="0"/><line nr="135" mi="7" ci="0" mb="0" cb="0"/><line nr="136" mi="3" ci="0" mb="0" cb="0"/><line nr="137" mi="5" ci="0" mb="0" cb="0"/><line nr="142" mi="6" ci="0" mb="0" cb="0"/><line nr="145" mi="4" ci="0" mb="0" cb="0"/><line nr="148" mi="6" ci="0" mb="0" cb="0"/><line nr="149" mi="8" ci="0" mb="0" cb="0"/><line nr="152" mi="3" ci="0" mb="0" cb="0"/><line nr="153" mi="3" ci="0" mb="2" cb="0"/><line nr="154" mi="3" ci="0" mb="0" cb="0"/><line nr="155" mi="2" ci="0" mb="0" cb="0"/><line nr="157" mi="5" ci="0" mb="0" cb="0"/><line nr="158" mi="5" ci="0" mb="0" cb="0"/><line nr="161" mi="5" ci="0" mb="0" cb="0"/><line nr="162" mi="4" ci="0" mb="0" cb="0"/><line nr="165" mi="3" ci="0" mb="0" cb="0"/><line nr="166" mi="1" ci="0" mb="0" cb="0"/><line nr="167" mi="6" ci="0" mb="0" cb="0"/><line nr="168" mi="1" ci="0" mb="0" cb="0"/><line nr="169" mi="1" ci="0" mb="0" cb="0"/><line nr="179" mi="4" ci="0" mb="0" cb="0"/><line nr="180" mi="7" ci="0" mb="0" cb="0"/><line nr="181" mi="5" ci="0" mb="0" cb="0"/><line nr="182" mi="1" ci="0" mb="0" cb="0"/><line nr="194" mi="3" ci="0" mb="0" cb="0"/><line nr="195" mi="3" ci="0" mb="2" cb="0"/><line nr="196" mi="3" ci="0" mb="0" cb="0"/><line nr="197" mi="3" ci="0" mb="0" cb="0"/><line nr="199" mi="7" ci="0" mb="2" cb="0"/><line nr="200" mi="5" ci="0" mb="0" cb="0"/><line nr="201" mi="3" ci="0" mb="0" cb="0"/><line nr="202" mi="4" ci="0" mb="2" cb="0"/><line nr="203" mi="4" ci="0" mb="0" cb="0"/><line nr="204" mi="4" ci="0" mb="0" cb="0"/><line nr="205" mi="5" ci="0" mb="0" cb="0"/><line nr="206" mi="12" ci="0" mb="0" cb="0"/><line nr="207" mi="5" ci="0" mb="0" cb="0"/><line nr="208" mi="5" ci="0" mb="0" cb="0"/><line nr="209" mi="1" ci="0" mb="0" cb="0"/><line nr="210" mi="3" ci="0" mb="0" cb="0"/><line nr="213" mi="4" ci="0" mb="2" cb="0"/><line nr="215" mi="5" ci="0" mb="0" cb="0"/><line nr="216" mi="3" ci="0" mb="2" cb="0"/><line nr="217" mi="3" ci="0" mb="2" cb="0"/><line nr="219" mi="4" ci="0" mb="2" cb="0"/><line nr="220" mi="5" ci="0" mb="0" cb="0"/><line nr="221" mi="4" ci="0" mb="2" cb="0"/><line nr="223" mi="10" ci="0" mb="0" cb="0"/><line nr="226" mi="3" ci="0" mb="2" cb="0"/><line nr="227" mi="4" ci="0" mb="0" cb="0"/><line nr="228" mi="5" ci="0" mb="0" cb="0"/><line nr="229" mi="12" ci="0" mb="0" cb="0"/><line nr="230" mi="5" ci="0" mb="0" cb="0"/><line nr="231" mi="5" ci="0" mb="0" cb="0"/><line nr="233" mi="1" ci="0" mb="0" cb="0"/><line nr="238" mi="2" ci="0" mb="0" cb="0"/><line nr="243" mi="4" ci="0" mb="0" cb="0"/><line nr="246" mi="3" ci="0" mb="0" cb="0"/><line nr="250" mi="3" ci="0" mb="0" cb="0"/><line nr="254" mi="3" ci="0" mb="0" cb="0"/><line nr="258" mi="3" ci="0" mb="0" cb="0"/><line nr="259" mi="2" ci="0" mb="0" cb="0"/><line nr="263" mi="3" ci="0" mb="0" cb="0"/><line nr="267" mi="3" ci="0" mb="0" cb="0"/><line nr="268" mi="2" ci="0" mb="0" cb="0"/><line nr="275" mi="3" ci="0" mb="0" cb="0"/><line nr="281" mi="3" ci="0" mb="0" cb="0"/><line nr="285" mi="3" ci="0" mb="0" cb="0"/><line nr="289" mi="3" ci="0" mb="0" cb="0"/><counter type="INSTRUCTION" missed="449" covered="0"/><counter type="BRANCH" missed="40" covered="0"/><counter type="LINE" missed="111" covered="0"/><counter type="COMPLEXITY" missed="37" covered="0"/><counter type="METHOD" missed="17" covered="0"/><counter type="CLASS" missed="3" covered="0"/></sourcefile><sourcefile name="HtmlToPlainText.java"><line nr="17" mi="3" ci="0" mb="0" cb="0"/><line nr="24" mi="4" ci="0" mb="0" cb="0"/><line nr="25" mi="3" ci="0" mb="0" cb="0"/><line nr="27" mi="3" ci="0" mb="0" cb="0"/><line nr="31" mi="2" ci="0" mb="0" cb="0"/><line nr="33" mi="3" ci="0" mb="0" cb="0"/><line nr="34" mi="6" ci="0" mb="0" cb="0"/><line nr="38" mi="3" ci="0" mb="0" cb="0"/><line nr="39" mi="3" ci="0" mb="2" cb="0"/><line nr="40" mi="6" ci="0" mb="0" cb="0"/><line nr="41" mi="4" ci="0" mb="2" cb="0"/><line nr="42" mi="4" ci="0" mb="0" cb="0"/><line nr="43" mi="4" ci="0" mb="2" cb="0"/><line nr="44" mi="4" ci="0" mb="0" cb="0"/><line nr="45" mi="33" ci="0" mb="2" cb="0"/><line nr="46" mi="3" ci="0" mb="0" cb="0"/><line nr="47" mi="1" ci="0" mb="0" cb="0"/><line nr="51" mi="3" ci="0" mb="0" cb="0"/><line nr="52" mi="41" ci="0" mb="2" cb="0"/><line nr="53" mi="4" ci="0" mb="0" cb="0"/><line nr="54" mi="4" ci="0" mb="2" cb="0"/><line nr="55" mi="12" ci="0" mb="0" cb="0"/><line nr="56" mi="1" ci="0" mb="0" cb="0"/><line nr="60" mi="4" ci="0" mb="2" cb="0"/><line nr="61" mi="3" ci="0" mb="0" cb="0"/><line nr="62" mi="6" ci="0" mb="2" cb="0"/><line nr="63" mi="22" ci="0" mb="4" cb="0"/><line nr="64" mi="1" ci="0" mb="0" cb="0"/><line nr="66" mi="7" ci="0" mb="2" cb="0"/><line nr="67" mi="4" ci="0" mb="0" cb="0"/><line nr="68" mi="8" ci="0" mb="2" cb="0"/><line nr="69" mi="4" ci="0" mb="0" cb="0"/><line nr="70" mi="10" ci="0" mb="2" cb="0"/><line nr="71" mi="2" ci="0" mb="2" cb="0"/><line nr="72" mi="3" ci="0" mb="0" cb="0"/><line nr="73" mi="7" ci="0" mb="2" cb="0"/><line nr="74" mi="7" ci="0" mb="0" cb="0"/><line nr="75" mi="5" ci="0" mb="0" cb="0"/><line nr="77" mi="5" ci="0" mb="0" cb="0"/><line nr="78" mi="7" ci="0" mb="0" cb="0"/><line nr="81" mi="1" ci="0" mb="0" cb="0"/><line nr="82" mi="5" ci="0" mb="0" cb="0"/><line nr="83" mi="7" ci="0" mb="0" cb="0"/><line nr="85" mi="1" ci="0" mb="0" cb="0"/><line nr="89" mi="4" ci="0" mb="0" cb="0"/><counter type="INSTRUCTION" missed="277" covered="0"/><counter type="BRANCH" missed="30" covered="0"/><counter type="LINE" missed="45" covered="0"/><counter type="COMPLEXITY" missed="22" covered="0"/><counter type="METHOD" missed="7" covered="0"/><counter type="CLASS" missed="2" covered="0"/></sourcefile><counter type="INSTRUCTION" missed="1152" covered="747"/><counter type="BRANCH" missed="118" covered="72"/><counter type="LINE" missed="255" covered="149"/><counter type="COMPLEXITY" missed="119" covered="48"/><counter type="METHOD" missed="51" covered="21"/><counter type="CLASS" missed="10" covered="7"/></package><package name="com/sismics/docs/core/event"><class name="com/sismics/docs/core/event/AclEvent" sourcefilename="AclEvent.java"><method name="&lt;init&gt;" desc="()V" line="11"><counter type="INSTRUCTION" missed="3" covered="0"/><counter type="LINE" missed="1" covered="0"/><counter type="COMPLEXITY" missed="1" covered="0"/><counter type="METHOD" missed="1" covered="0"/></method><method name="getSourceId" desc="()Ljava/lang/String;" line="28"><counter type="INSTRUCTION" missed="3" covered="0"/><counter type="LINE" missed="1" covered="0"/><counter type="COMPLEXITY" missed="1" covered="0"/><counter type="METHOD" missed="1" covered="0"/></method><method name="setSourceId" desc="(Ljava/lang/String;)Lcom/sismics/docs/core/event/AclEvent;" line="32"><counter type="INSTRUCTION" missed="5" covered="0"/><counter type="LINE" missed="2" covered="0"/><counter type="COMPLEXITY" missed="1" covered="0"/><counter type="METHOD" missed="1" covered="0"/></method><method name="getPerm" desc="()Lcom/sismics/docs/core/constant/PermType;" line="37"><counter type="INSTRUCTION" missed="3" covered="0"/><counter type="LINE" missed="1" covered="0"/><counter type="COMPLEXITY" missed="1" covered="0"/><counter type="METHOD" missed="1" covered="0"/></method><method name="setPerm" desc="(Lcom/sismics/docs/core/constant/PermType;)Lcom/sismics/docs/core/event/AclEvent;" line="41"><counter type="INSTRUCTION" missed="5" covered="0"/><counter type="LINE" missed="2" covered="0"/><counter type="COMPLEXITY" missed="1" covered="0"/><counter type="METHOD" missed="1" covered="0"/></method><method name="getTargetId" desc="()Ljava/lang/String;" line="46"><counter type="INSTRUCTION" missed="3" covered="0"/><counter type="LINE" missed="1" covered="0"/><counter type="COMPLEXITY" missed="1" covered="0"/><counter type="METHOD" missed="1" covered="0"/></method><method name="setTargetId" desc="(Ljava/lang/String;)Lcom/sismics/docs/core/event/AclEvent;" line="50"><counter type="INSTRUCTION" missed="5" covered="0"/><counter type="LINE" missed="2" covered="0"/><counter type="COMPLEXITY" missed="1" covered="0"/><counter type="METHOD" missed="1" covered="0"/></method><method name="toString" desc="()Ljava/lang/String;" line="56"><counter type="INSTRUCTION" missed="16" covered="0"/><counter type="LINE" missed="5" covered="0"/><counter type="COMPLEXITY" missed="1" covered="0"/><counter type="METHOD" missed="1" covered="0"/></method><counter type="INSTRUCTION" missed="43" covered="0"/><counter type="LINE" missed="15" covered="0"/><counter type="COMPLEXITY" missed="8" covered="0"/><counter type="METHOD" missed="8" covered="0"/><counter type="CLASS" missed="1" covered="0"/></class><class name="com/sismics/docs/core/event/AclDeletedAsyncEvent" sourcefilename="AclDeletedAsyncEvent.java"><method name="&lt;init&gt;" desc="()V" line="8"><counter type="INSTRUCTION" missed="3" covered="0"/><counter type="LINE" missed="1" covered="0"/><counter type="COMPLEXITY" missed="1" covered="0"/><counter type="METHOD" missed="1" covered="0"/></method><counter type="INSTRUCTION" missed="3" covered="0"/><counter type="LINE" missed="1" covered="0"/><counter type="COMPLEXITY" missed="1" covered="0"/><counter type="METHOD" missed="1" covered="0"/><counter type="CLASS" missed="1" covered="0"/></class><class name="com/sismics/docs/core/event/DocumentUpdatedAsyncEvent" sourcefilename="DocumentUpdatedAsyncEvent.java"><method name="&lt;init&gt;" desc="()V" line="10"><counter type="INSTRUCTION" missed="3" covered="0"/><counter type="LINE" missed="1" covered="0"/><counter type="COMPLEXITY" missed="1" covered="0"/><counter type="METHOD" missed="1" covered="0"/></method><method name="getDocumentId" desc="()Ljava/lang/String;" line="17"><counter type="INSTRUCTION" missed="3" covered="0"/><counter type="LINE" missed="1" covered="0"/><counter type="COMPLEXITY" missed="1" covered="0"/><counter type="METHOD" missed="1" covered="0"/></method><method name="setDocumentId" desc="(Ljava/lang/String;)V" line="21"><counter type="INSTRUCTION" missed="4" covered="0"/><counter type="LINE" missed="2" covered="0"/><counter type="COMPLEXITY" missed="1" covered="0"/><counter type="METHOD" missed="1" covered="0"/></method><method name="toString" desc="()Ljava/lang/String;" line="26"><counter type="INSTRUCTION" missed="8" covered="0"/>
[...]
"0" cb="0"/><line nr="85" mi="1" ci="0" mb="0" cb="0"/><line nr="89" mi="3" ci="0" mb="0" cb="0"/><line nr="93" mi="3" ci="0" mb="0" cb="0"/><line nr="94" mi="1" ci="0" mb="0" cb="0"/><line nr="97" mi="3" ci="0" mb="0" cb="0"/><line nr="101" mi="3" ci="0" mb="0" cb="0"/><line nr="102" mi="1" ci="0" mb="0" cb="0"/><line nr="106" mi="3" ci="0" mb="0" cb="0"/><line nr="110" mi="3" ci="0" mb="0" cb="0"/><line nr="111" mi="1" ci="0" mb="0" cb="0"/><line nr="115" mi="5" ci="0" mb="0" cb="0"/><counter type="INSTRUCTION" missed="58" covered="0"/><counter type="LINE" missed="24" covered="0"/><counter type="COMPLEXITY" missed="15" covered="0"/><counter type="METHOD" missed="15" covered="0"/><counter type="CLASS" missed="1" covered="0"/></sourcefile><sourcefile name="AnonymousPrincipal.java"><line nr="24" mi="2" ci="0" mb="0" cb="0"/><line nr="26" mi="1" ci="0" mb="0" cb="0"/><line nr="30" mi="2" ci="0" mb="0" cb="0"/><line nr="35" mi="2" ci="0" mb="0" cb="0"/><line nr="40" mi="2" ci="0" mb="0" cb="0"/><line nr="45" mi="3" ci="0" mb="0" cb="0"/><line nr="50" mi="2" ci="0" mb="0" cb="0"/><line nr="54" mi="3" ci="0" mb="0" cb="0"/><line nr="55" mi="1" ci="0" mb="0" cb="0"/><line nr="59" mi="2" ci="0" mb="0" cb="0"/><line nr="64" mi="2" ci="0" mb="0" cb="0"/><counter type="INSTRUCTION" missed="22" covered="0"/><counter type="LINE" missed="11" covered="0"/><counter type="COMPLEXITY" missed="9" covered="0"/><counter type="METHOD" missed="9" covered="0"/><counter type="CLASS" missed="1" covered="0"/></sourcefile><counter type="INSTRUCTION" missed="80" covered="0"/><counter type="LINE" missed="35" covered="0"/><counter type="COMPLEXITY" missed="24" covered="0"/><counter type="METHOD" missed="24" covered="0"/><counter type="CLASS" missed="2" covered="0"/></package><package name="com/sismics/rest/util"><class name="com/sismics/rest/util/ValidationUtil" sourcefilename="ValidationUtil.java"><method name="&lt;init&gt;" desc="()V" line="17"><counter type="INSTRUCTION" missed="3" covered="0"/><counter type="LINE" missed="1" covered="0"/><counter type="COMPLEXITY" missed="1" covered="0"/><counter type="METHOD" missed="1" covered="0"/></method><method name="validateRequired" desc="(Ljava/lang/Object;Ljava/lang/String;)V" line="34"><counter type="INSTRUCTION" missed="16" covered="0"/><counter type="BRANCH" missed="2" covered="0"/><counter type="LINE" missed="3" covered="0"/><counter type="COMPLEXITY" missed="2" covered="0"/><counter type="METHOD" missed="1" covered="0"/></method><method name="validateLength" desc="(Ljava/lang/String;Ljava/lang/String;Ljava/lang/Integer;Ljava/lang/Integer;Z)Ljava/lang/String;" line="51"><counter type="INSTRUCTION" missed="75" covered="0"/><counter type="BRANCH" missed="14" covered="0"/><counter type="LINE" missed="10" covered="0"/><counter type="COMPLEXITY" missed="8" covered="0"/><counter type="METHOD" missed="1" covered="0"/></method><method name="validateLength" desc="(Ljava/lang/String;Ljava/lang/String;Ljava/lang/Integer;Ljava/lang/Integer;)Ljava/lang/String;" line="78"><counter type="INSTRUCTION" missed="7" covered="0"/><counter type="LINE" missed="1" covered="0"/><counter type="COMPLEXITY" missed="1" covered="0"/><counter type="METHOD" missed="1" covered="0"/></method><method name="validateStringNotBlank" desc="(Ljava/lang/String;Ljava/lang/String;)Ljava/lang/String;" line="90"><counter type="INSTRUCTION" missed="8" covered="0"/><counter type="LINE" missed="1" covered="0"/><counter type="COMPLEXITY" missed="1" covered="0"/><counter type="METHOD" missed="1" covered="0"/></method><method name="validateEmail" desc="(Ljava/lang/String;Ljava/lang/String;)V" line="101"><counter type="INSTRUCTION" missed="19" covered="0"/><counter type="BRANCH" missed="2" covered="0"/><counter type="LINE" missed="3" covered="0"/><counter type="COMPLEXITY" missed="2" covered="0"/><counter type="METHOD" missed="1" covered="0"/></method><method name="validateHexColor" desc="(Ljava/lang/String;Ljava/lang/String;Z)V" line="114"><counter type="INSTRUCTION" missed="10" covered="0"/><counter type="LINE" missed="2" covered="0"/><counter type="COMPLEXITY" missed="1" covered="0"/><counter type="METHOD" missed="1" covered="0"/></method><method name="validateTagName" desc="(Ljava/lang/String;)V" line="123"><counter type="INSTRUCTION" missed="15" covered="0"/><counter type="BRANCH" missed="4" covered="0"/><counter type="LINE" missed="3" covered="0"/><counter type="COMPLEXITY" missed="3" covered="0"/><counter type="METHOD" missed="1" covered="0"/></method><method name="validateHttpUrl" desc="(Ljava/lang/String;Ljava/lang/String;)Ljava/lang/String;" line="137"><counter type="INSTRUCTION" missed="23" covered="0"/><counter type="BRANCH" missed="2" covered="0"/><counter type="LINE" missed="4" covered="0"/><counter type="COMPLEXITY" missed="2" covered="0"/><counter type="METHOD" missed="1" covered="0"/></method><method name="validateAlphanumeric" desc="(Ljava/lang/String;Ljava/lang/String;)V" line="152"><counter type="INSTRUCTION" missed="19" covered="0"/><counter type="BRANCH" missed="2" covered="0"/><counter type="LINE" missed="3" covered="0"/><counter type="COMPLEXITY" missed="2" covered="0"/><counter type="METHOD" missed="1" covered="0"/></method><method name="validateUsername" desc="(Ljava/lang/String;Ljava/lang/String;)V" line="158"><counter type="INSTRUCTION" missed="19" covered="0"/><counter type="BRANCH" missed="2" covered="0"/><counter type="LINE" missed="3" covered="0"/><counter type="COMPLEXITY" missed="2" covered="0"/><counter type="METHOD" missed="1" covered="0"/></method><method name="validateRegex" desc="(Ljava/lang/String;Ljava/lang/String;Ljava/lang/String;)V" line="164"><counter type="INSTRUCTION" missed="24" covered="0"/><counter type="BRANCH" missed="2" covered="0"/><counter type="LINE" missed="3" covered="0"/><counter type="COMPLEXITY" missed="2" covered="0"/><counter type="METHOD" missed="1" covered="0"/></method><method name="validateInteger" desc="(Ljava/lang/String;Ljava/lang/String;)Ljava/lang/Integer;" line="179"><counter type="INSTRUCTION" missed="17" covered="0"/><counter type="LINE" missed="3" covered="0"/><counter type="COMPLEXITY" missed="1" covered="0"/><counter type="METHOD" missed="1" covered="0"/></method><method name="validateLong" desc="(Ljava/lang/String;Ljava/lang/String;)Ljava/lang/Long;" line="195"><counter type="INSTRUCTION" missed="17" covered="0"/><counter type="LINE" missed="3" covered="0"/><counter type="COMPLEXITY" missed="1" covered="0"/><counter type="METHOD" missed="1" covered="0"/></method><method name="validateDate" desc="(Ljava/lang/String;Ljava/lang/String;Z)Ljava/util/Date;" line="211"><counter type="INSTRUCTION" missed="41" covered="0"/><counter type="BRANCH" missed="4" covered="0"/><counter type="LINE" missed="7" covered="0"/><counter type="COMPLEXITY" missed="3" covered="0"/><counter type="METHOD" missed="1" covered="0"/></method><method name="&lt;clinit&gt;" desc="()V" line="18"><counter type="INSTRUCTION" missed="13" covered="0"/><counter type="LINE" missed="4" covered="0"/><counter type="COMPLEXITY" missed="1" covered="0"/><counter type="METHOD" missed="1" covered="0"/></method><counter type="INSTRUCTION" missed="326" covered="0"/><counter type="BRANCH" missed="34" covered="0"/><counter type="LINE" missed="54" covered="0"/><counter type="COMPLEXITY" missed="33" covered="0"/><counter type="METHOD" missed="16" covered="0"/><counter type="CLASS" missed="1" covered="0"/></class><class name="com/sismics/rest/util/RestUtil" sourcefilename="RestUtil.java"><method name="&lt;init&gt;" desc="()V" line="20"><counter type="INSTRUCTION" missed="3" covered="0"/><counter type="LINE" missed="1" covered="0"/><counter type="COMPLEXITY" missed="1" covered="0"/><counter type="METHOD" missed="1" covered="0"/></method><method name="fileToJsonObjectBuilder" desc="(Lcom/sismics/docs/core/model/jpa/File;)Ljakarta/json/JsonObjectBuilder;" line="30"><counter type="INSTRUCTION" missed="63" covered="0"/><counter type="BRANCH" missed="2" covered="0"/><counter type="LINE" missed="12" covered="0"/><counter type="COMPLEXITY" missed="2" covered="0"/><counter type="METHOD" missed="1" covered="0"/></method><counter type="INSTRUCTION" missed="66" covered="0"/><counter type="BRANCH" missed="2" covered="0"/><counter type="LINE" missed="13" covered="0"/><counter type="COMPLEXITY" missed="3" covered="0"/><counter type="METHOD" missed="2" covered="0"/><counter type="CLASS" missed="1" covered="0"/></class><class name="com/sismics/rest/util/AclUtil" sourcefilename="AclUtil.java"><method name="&lt;init&gt;" desc="()V" line="19"><counter type="INSTRUCTION" missed="3" covered="0"/><counter type="LINE" missed="1" covered="0"/><counter type="COMPLEXITY" missed="1" covered="0"/><counter type="METHOD" missed="1" covered="0"/></method><method name="addAcls" desc="(Ljakarta/json/JsonObjectBuilder;Ljava/lang/String;Ljava/util/List;)V" line="28"><counter type="INSTRUCTION" missed="57" covered="0"/><counter type="BRANCH" missed="2" covered="0"/><counter type="LINE" missed="13" covered="0"/><counter type="COMPLEXITY" missed="2" covered="0"/><counter type="METHOD" missed="1" covered="0"/></method><counter type="INSTRUCTION" missed="60" covered="0"/><counter type="BRANCH" missed="2" covered="0"/><counter type="LINE" missed="14" covered="0"/><counter type="COMPLEXITY" missed="3" covered="0"/><counter type="METHOD" missed="2" covered="0"/><counter type="CLASS" missed="1" covered="0"/></class><sourcefile name="RestUtil.java"><line nr="20" mi="3" ci="0" mb="0" cb="0"/><line nr="30" mi="15" ci="0" mb="2" cb="0"/><line nr="31" mi="4" ci="0" mb="0" cb="0"/><line nr="32" mi="4" ci="0" mb="0" cb="0"/><line nr="33" mi="5" ci="0" mb="0" cb="0"/><line nr="34" mi="5" ci="0" mb="0" cb="0"/><line nr="35" mi="5" ci="0" mb="0" cb="0"/><line nr="36" mi="4" ci="0" mb="0" cb="0"/><line nr="37" mi="5" ci="0" mb="0" cb="0"/><line nr="38" mi="5" ci="0" mb="0" cb="0"/><line nr="39" mi="1" ci="0" mb="0" cb="0"/><line nr="40" mi="1" ci="0" mb="0" cb="0"/><line nr="41" mi="9" ci="0" mb="0" cb="0"/><counter type="INSTRUCTION" missed="66" covered="0"/><counter type="BRANCH" missed="2" covered="0"/><counter type="LINE" missed="13" covered="0"/><counter type="COMPLEXITY" missed="3" covered="0"/><counter type="METHOD" missed="2" covered="0"/><counter type="CLASS" missed="1" covered="0"/></sourcefile><sourcefile name="AclUtil.java"><line nr="19" mi="3" ci="0" mb="0" cb="0"/><line nr="28" mi="4" ci="0" mb="0" cb="0"/><line nr="29" mi="5" ci="0" mb="0" cb="0"/><line nr="30" mi="2" ci="0" mb="0" cb="0"/><line nr="31" mi="10" ci="0" mb="2" cb="0"/><line nr="32" mi="6" ci="0" mb="0" cb="0"/><line nr="33" mi="5" ci="0" mb="0" cb="0"/><line nr="34" mi="4" ci="0" mb="0" cb="0"/><line nr="35" mi="5" ci="0" mb="0" cb="0"/><line nr="36" mi="2" ci="0" mb="0" cb="0"/><line nr="37" mi="1" ci="0" mb="0" cb="0"/><line nr="38" mi="9" ci="0" mb="0" cb="0"/><line nr="39" mi="3" ci="0" mb="0" cb="0"/><line nr="40" mi="1" ci="0" mb="0" cb="0"/><counter type="INSTRUCTION" missed="60" covered="0"/><counter type="BRANCH" missed="2" covered="0"/><counter type="LINE" missed="14" covered="0"/><counter type="COMPLEXITY" missed="3" covered="0"/><counter type="METHOD" missed="2" covered="0"/><counter type="CLASS" missed="1" covered="0"/></sourcefile><sourcefile name="ValidationUtil.java"><line nr="17" mi="3" ci="0" mb="0" cb="0"/><line nr="18" mi="3" ci="0" mb="0" cb="0"/><line nr="20" mi="3" ci="0" mb="0" cb="0"/><line nr="22" mi="3" ci="0" mb="0" cb="0"/><line nr="24" mi="4" ci="0" mb="0" cb="0"/><line nr="34" mi="2" ci="0" mb="2" cb="0"/><line nr="35" mi="13" ci="0" mb="0" cb="0"/><line nr="37" mi="1" ci="0" mb="0" cb="0"/><line nr="51" mi="3" ci="0" mb="0" cb="0"/><line nr="52" mi="5" ci="0" mb="4" cb="0"/><line nr="53" mi="2" ci="0" mb="0" cb="0"/><line nr="55" mi="2" ci="0" mb="2" cb="0"/><line nr="56" mi="13" ci="0" mb="0" cb="0"/><line nr="58" mi="7" ci="0" mb="4" cb="0"/><line nr="59" mi="17" ci="0" mb="0" cb="0"/><line nr="61" mi="7" ci="0" mb="4" cb="0"/><line nr="62" mi="17" ci="0" mb="0" cb="0"/><line nr="64" mi="2" ci="0" mb="0" cb="0"/><line nr="78" mi="7" ci="0" mb="0" cb="0"/><line nr="90" mi="8" ci="0" mb="0" cb="0"/><line nr="101" mi="5" ci="0" mb="2" cb="0"/><line nr="102" mi="13" ci="0" mb="0" cb="0"/><line nr="104" mi="1" ci="0" mb="0" cb="0"/><line nr="114" mi="9" ci="0" mb="0" cb="0"/><line nr="115" mi="1" ci="0" mb="0" cb="0"/><line nr="123" mi="8" ci="0" mb="4" cb="0"/><line nr="124" mi="6" ci="0" mb="0" cb="0"/><line nr="126" mi="1" ci="0" mb="0" cb="0"/><line nr="137" mi="3" ci="0" mb="0" cb="0"/><line nr="138" mi="5" ci="0" mb="2" cb="0"/><line nr="139" mi="13" ci="0" mb="0" cb="0"/><line nr="141" mi="2" ci="0" mb="0" cb="0"/><line nr="152" mi="5" ci="0" mb="2" cb="0"/><line nr="153" mi="13" ci="0" mb="0" cb="0"/><line nr="155" mi="1" ci="0" mb="0" cb="0"/><line nr="158" mi="5" ci="0" mb="2" cb="0"/><line nr="159" mi="13" ci="0" mb="0" cb="0"/><line nr="161" mi="1" ci="0" mb="0" cb="0"/><line nr="164" mi="6" ci="0" mb="2" cb="0"/><line nr="165" mi="17" ci="0" mb="0" cb="0"/><line nr="167" mi="1" ci="0" mb="0" cb="0"/><line nr="179" mi="3" ci="0" mb="0" cb="0"/><line nr="180" mi="1" ci="0" mb="0" cb="0"/><line nr="181" mi="13" ci="0" mb="0" cb="0"/><line nr="195" mi="3" ci="0" mb="0" cb="0"/><line nr="196" mi="1" ci="0" mb="0" cb="0"/><line nr="197" mi="13" ci="0" mb="0" cb="0"/><line nr="211" mi="3" ci="0" mb="2" cb="0"/><line nr="212" mi="2" ci="0" mb="2" cb="0"/><line nr="213" mi="13" ci="0" mb="0" cb="0"/><line nr="215" mi="2" ci="0" mb="0" cb="0"/><line nr="219" mi="7" ci="0" mb="0" cb="0"/><line nr="220" mi="1" ci="0" mb="0" cb="0"/><line nr="221" mi="13" ci="0" mb="0" cb="0"/><counter type="INSTRUCTION" missed="326" covered="0"/><counter type="BRANCH" missed="34" covered="0"/><counter type="LINE" missed="54" covered="0"/><counter type="COMPLEXITY" missed="33" covered="0"/><counter type="METHOD" missed="16" covered="0"/><counter type="CLASS" missed="1" covered="0"/></sourcefile><counter type="INSTRUCTION" missed="452" covered="0"/><counter type="BRANCH" missed="38" covered="0"/><counter type="LINE" missed="81" covered="0"/><counter type="COMPLEXITY" missed="39" covered="0"/><counter type="METHOD" missed="20" covered="0"/><counter type="CLASS" missed="3" covered="0"/></package><package name="com/sismics/rest/exception"><class name="com/sismics/rest/exception/ClientException" sourcefilename="ClientException.java"><method name="&lt;init&gt;" desc="(Ljava/lang/String;Ljava/lang/String;Ljava/lang/Exception;)V" line="34"><counter type="INSTRUCTION" missed="11" covered="0"/><counter type="LINE" missed="3" covered="0"/><counter type="COMPLEXITY" missed="1" covered="0"/><counter type="METHOD" missed="1" covered="0"/></method><method name="&lt;init&gt;" desc="(Ljava/lang/String;Ljava/lang/String;)V" line="45"><counter type="INSTRUCTION" missed="15" covered="0"/><counter type="LINE" missed="4" covered="0"/><counter type="COMPLEXITY" missed="1" covered="0"/><counter type="METHOD" missed="1" covered="0"/></method><method name="&lt;clinit&gt;" desc="()V" line="24"><counter type="INSTRUCTION" missed="4" covered="0"/><counter type="LINE" missed="1" covered="0"/><counter type="COMPLEXITY" missed="1" covered="0"/><counter type="METHOD" missed="1" covered="0"/></method><counter type="INSTRUCTION" missed="30" covered="0"/><counter type="LINE" missed="8" covered="0"/><counter type="COMPLEXITY" missed="3" covered="0"/><counter type="METHOD" missed="3" covered="0"/><counter type="CLASS" missed="1" covered="0"/></class><class name="com/sismics/rest/exception/ServerException" sourcefilename="ServerException.java"><method name="&lt;init&gt;" desc="(Ljava/lang/String;Ljava/lang/String;Ljava/lang/Exception;)V" line="35"><counter type="INSTRUCTION" missed="11" covered="0"/><counter type="LINE" missed="3" covered="0"/><counter type="COMPLEXITY" missed="1" covered="0"/><counter type="METHOD" missed="1" covered="0"/></method><method name="&lt;init&gt;" desc="(Ljava/lang/String;Ljava/lang/String;)V" line="46"><counter type="INSTRUCTION" missed="15" covered="0"/><counter type="LINE" missed="4" covered="0"/><counter type="COMPLEXITY" missed="1" covered="0"/><counter type="METHOD" missed="1" covered="0"/></method><method name="&lt;clinit&gt;" desc="()V" line="25"><counter type="INSTRUCTION" missed="4" covered="0"/><counter type="LINE" missed="1" covered="0"/><counter type="COMPLEXITY" missed="1" covered="0"/><counter type="METHOD" missed="1" covered="0"/></method><counter type="INSTRUCTION" missed="30" covered="0"/><counter type="LINE" missed="8" covered="0"/><counter type="COMPLEXITY" missed="3" covered="0"/><counter type="METHOD" missed="3" covered="0"/><counter type="CLASS" missed="1" covered="0"/></class><class name="com/sismics/rest/exception/ForbiddenClientException" sourcefilename="ForbiddenClientException.java"><method name="&lt;init&gt;" desc="()V" line="23"><counter type="INSTRUCTION" missed="15" covered="0"/><counter type="LINE" missed="4" covered="0"/><counter type="COMPLEXITY" missed="1" covered="0"/><counter type="METHOD" missed="1" covered="0"/></method><counter type="INSTRUCTION" missed="15" covered="0"/><counter type="LINE" missed="4" covered="0"/><counter type="COMPLEXITY" missed="1" covered="0"/><counter type="METHOD" missed="1" covered="0"/><counter type="CLASS" missed="1" covered="0"/></class><sourcefile name="ForbiddenClientException.java"><line nr="23" mi="8" ci="0" mb="0" cb="0"/><line nr="24" mi="3" ci="0" mb="0" cb="0"/><line nr="25" mi="3" ci="0" mb="0" cb="0"/><line nr="26" mi="1" ci="0" mb="0" cb="0"/><counter type="INSTRUCTION" missed="15" covered="0"/><counter type="LINE" missed="4" covered="0"/><counter type="COMPLEXITY" missed="1" covered="0"/><counter type="METHOD" missed="1" covered="0"/><counter type="CLASS" missed="1" covered="0"/></sourcefile><sourcefile name="ServerException.java"><line nr="25" mi="4" ci="0" mb="0" cb="0"/><line nr="35" mi="4" ci="0" mb="0" cb="0"/><line nr="36" mi="6" ci="0" mb="0" cb="0"/><line nr="37" mi="1" ci="0" mb="0" cb="0"/><line nr="46" mi="8" ci="0" mb="0" cb="0"/><line nr="47" mi="3" ci="0" mb="0" cb="0"/><line nr="48" mi="3" ci="0" mb="0" cb="0"/><line nr="49" mi="1" ci="0" mb="0" cb="0"/><counter type="INSTRUCTION" missed="30" covered="0"/><counter type="LINE" missed="8" covered="0"/><counter type="COMPLEXITY" missed="3" covered="0"/><counter type="METHOD" missed="3" covered="0"/><counter type="CLASS" missed="1" covered="0"/></sourcefile><sourcefile name="ClientException.java"><line nr="24" mi="4" ci="0" mb="0" cb="0"/><line nr="34" mi="4" ci="0" mb="0" cb="0"/><line nr="35" mi="6" ci="0" mb="0" cb="0"/><line nr="36" mi="1" ci="0" mb="0" cb="0"/><line nr="45" mi="8" ci="0" mb="0" cb="0"/><line nr="46" mi="3" ci="0" mb="0" cb="0"/><line nr="47" mi="3" ci="0" mb="0" cb="0"/><line nr="48" mi="1" ci="0" mb="0" cb="0"/><counter type="INSTRUCTION" missed="30" covered="0"/><counter type="LINE" missed="8" covered="0"/><counter type="COMPLEXITY" missed="3" covered="0"/><counter type="METHOD" missed="3" covered="0"/><counter type="CLASS" missed="1" covered="0"/></sourcefile><counter type="INSTRUCTION" missed="75" covered="0"/><counter type="LINE" missed="20" covered="0"/><counter type="COMPLEXITY" missed="7" covered="0"/><counter type="METHOD" missed="7" covered="0"/><counter type="CLASS" missed="3" covered="0"/></package><counter type="INSTRUCTION" missed="1566" covered="0"/><counter type="BRANCH" missed="132" covered="0"/><counter type="LINE" missed="400" covered="0"/><counter type="COMPLEXITY" missed="160" covered="0"/><counter type="METHOD" missed="94" covered="0"/><counter type="CLASS" missed="16" covered="0"/></group><counter type="INSTRUCTION" missed="16901" covered="5173"/><counter type="BRANCH" missed="1066" covered="222"/><counter type="LINE" missed="4435" covered="1143"/><counter type="COMPLEXITY" missed="1731" covered="365"/><counter type="METHOD" missed="1136" covered="304"/><counter type="CLASS" missed="130" covered="72"/></report>